2023-11-21 00:21:59,873 Namespace(eval_interval=1, frequent=10, gpu=False, num_workers=4, out_dir='out')
2023-11-21 00:22:00,387 => load 200 samples
2023-11-21 00:22:00,388 => load 200 samples
2023-11-21 00:22:06,444 Epoch: [0][0/200]	Time 6.055s (6.055s)	Speed 5.3 samples/s	Data 4.999s (4.999s)	Loss 2.53597 (2.53597)
2023-11-21 00:22:14,928 Epoch: [0][10/200]	Time 0.923s (1.322s)	Speed 34.7 samples/s	Data 0.002s (0.456s)	Loss 2.05254 (2.26277)
2023-11-21 00:22:24,680 Epoch: [0][20/200]	Time 0.846s (1.157s)	Speed 37.8 samples/s	Data 0.003s (0.239s)	Loss 1.76634 (2.08513)
2023-11-21 00:22:33,290 Epoch: [0][30/200]	Time 0.814s (1.061s)	Speed 39.3 samples/s	Data 0.001s (0.163s)	Loss 1.51212 (1.93453)
2023-11-21 00:22:42,228 Epoch: [0][40/200]	Time 0.839s (1.020s)	Speed 38.2 samples/s	Data 0.001s (0.123s)	Loss 1.28865 (1.80105)
2023-11-21 00:22:50,698 Epoch: [0][50/200]	Time 0.828s (0.986s)	Speed 38.7 samples/s	Data 0.001s (0.099s)	Loss 1.09601 (1.68009)
2023-11-21 00:22:59,027 Epoch: [0][60/200]	Time 0.811s (0.961s)	Speed 39.5 samples/s	Data 0.001s (0.083s)	Loss 0.92782 (1.56843)
2023-11-21 00:23:07,090 Epoch: [0][70/200]	Time 0.777s (0.939s)	Speed 41.2 samples/s	Data 0.001s (0.072s)	Loss 0.77078 (1.46654)
2023-11-21 00:23:15,124 Epoch: [0][80/200]	Time 0.894s (0.923s)	Speed 35.8 samples/s	Data 0.001s (0.063s)	Loss 0.65960 (1.37317)
2023-11-21 00:23:23,308 Epoch: [0][90/200]	Time 0.812s (0.911s)	Speed 39.4 samples/s	Data 0.001s (0.056s)	Loss 0.57944 (1.28904)
2023-11-21 00:23:31,468 Epoch: [0][100/200]	Time 0.821s (0.902s)	Speed 39.0 samples/s	Data 0.001s (0.051s)	Loss 0.48681 (1.21327)
2023-11-21 00:23:39,539 Epoch: [0][110/200]	Time 0.801s (0.893s)	Speed 40.0 samples/s	Data 0.001s (0.046s)	Loss 0.41717 (1.14477)
2023-11-21 00:23:47,987 Epoch: [0][120/200]	Time 0.841s (0.889s)	Speed 38.0 samples/s	Data 0.001s (0.042s)	Loss 0.36438 (1.08296)
2023-11-21 00:23:58,651 Epoch: [0][130/200]	Time 1.240s (0.903s)	Speed 25.8 samples/s	Data 0.002s (0.039s)	Loss 0.34650 (1.02693)
2023-11-21 00:24:07,229 Epoch: [0][140/200]	Time 0.861s (0.900s)	Speed 37.2 samples/s	Data 0.001s (0.037s)	Loss 0.30950 (0.97706)
2023-11-21 00:24:15,960 Epoch: [0][150/200]	Time 0.828s (0.898s)	Speed 38.7 samples/s	Data 0.001s (0.034s)	Loss 0.28667 (0.93148)
2023-11-21 00:24:23,617 Epoch: [0][160/200]	Time 0.717s (0.890s)	Speed 44.6 samples/s	Data 0.001s (0.032s)	Loss 0.26805 (0.89042)
2023-11-21 00:24:30,728 Epoch: [0][170/200]	Time 0.697s (0.879s)	Speed 45.9 samples/s	Data 0.001s (0.030s)	Loss 0.25874 (0.85315)
2023-11-21 00:24:37,760 Epoch: [0][180/200]	Time 0.687s (0.869s)	Speed 46.6 samples/s	Data 0.001s (0.029s)	Loss 0.23289 (0.81925)
2023-11-21 00:24:44,759 Epoch: [0][190/200]	Time 0.694s (0.861s)	Speed 46.1 samples/s	Data 0.001s (0.027s)	Loss 0.20727 (0.78769)
2023-11-21 00:25:14,035 Test: [0/200]	Time 3.038 (3.038)	Loss 0.4598 (0.4598)
2023-11-21 00:25:15,298 Test: [10/200]	Time 0.038 (0.391)	Loss 0.1483 (0.3695)
2023-11-21 00:25:15,728 Test: [20/200]	Time 0.039 (0.225)	Loss 0.2717 (0.3800)
2023-11-21 00:25:16,124 Test: [30/200]	Time 0.039 (0.165)	Loss 0.5511 (0.3884)
2023-11-21 00:25:16,527 Test: [40/200]	Time 0.043 (0.135)	Loss 0.4101 (0.4037)
2023-11-21 00:25:16,929 Test: [50/200]	Time 0.038 (0.116)	Loss 0.4857 (0.4074)
2023-11-21 00:25:17,327 Test: [60/200]	Time 0.039 (0.104)	Loss 0.4680 (0.4078)
2023-11-21 00:25:17,721 Test: [70/200]	Time 0.039 (0.095)	Loss 0.3874 (0.4064)
2023-11-21 00:25:18,133 Test: [80/200]	Time 0.038 (0.088)	Loss 0.4809 (0.4011)
2023-11-21 00:25:18,561 Test: [90/200]	Time 0.067 (0.083)	Loss 0.4952 (0.4046)
2023-11-21 00:25:18,949 Test: [100/200]	Time 0.036 (0.079)	Loss 0.4935 (0.4033)
2023-11-21 00:25:19,341 Test: [110/200]	Time 0.038 (0.075)	Loss 0.4854 (0.4049)
2023-11-21 00:25:19,732 Test: [120/200]	Time 0.039 (0.072)	Loss 0.4624 (0.4027)
2023-11-21 00:25:20,127 Test: [130/200]	Time 0.041 (0.070)	Loss 0.3915 (0.4072)
2023-11-21 00:25:20,521 Test: [140/200]	Time 0.039 (0.068)	Loss 0.3605 (0.4062)
2023-11-21 00:25:20,918 Test: [150/200]	Time 0.038 (0.066)	Loss 0.4465 (0.4050)
2023-11-21 00:25:21,315 Test: [160/200]	Time 0.039 (0.064)	Loss 0.4203 (0.4048)
2023-11-21 00:25:21,717 Test: [170/200]	Time 0.038 (0.063)	Loss 0.2951 (0.4022)
2023-11-21 00:25:22,130 Test: [180/200]	Time 0.041 (0.062)	Loss 0.3307 (0.4000)
2023-11-21 00:25:22,543 Test: [190/200]	Time 0.041 (0.060)	Loss 0.3470 (0.4014)
2023-11-21 00:25:29,073 Mean IoU score: 0.178
2023-11-21 00:25:29,081 => saving checkpoint to out
2023-11-21 00:25:33,100 Epoch: [1][0/200]	Time 3.962s (3.962s)	Speed 8.1 samples/s	Data 3.222s (3.222s)	Loss 0.19985 (0.19985)
2023-11-21 00:25:39,966 Epoch: [1][10/200]	Time 0.699s (0.984s)	Speed 45.8 samples/s	Data 0.001s (0.294s)	Loss 0.19998 (0.20776)
2023-11-21 00:25:46,790 Epoch: [1][20/200]	Time 0.657s (0.841s)	Speed 48.7 samples/s	Data 0.001s (0.154s)	Loss 0.25137 (0.20424)
2023-11-21 00:25:53,442 Epoch: [1][30/200]	Time 0.690s (0.784s)	Speed 46.3 samples/s	Data 0.001s (0.105s)	Loss 0.16727 (0.20108)
2023-11-21 00:26:00,198 Epoch: [1][40/200]	Time 0.676s (0.758s)	Speed 47.3 samples/s	Data 0.001s (0.080s)	Loss 0.17868 (0.19611)
2023-11-21 00:26:06,986 Epoch: [1][50/200]	Time 0.672s (0.742s)	Speed 47.6 samples/s	Data 0.001s (0.064s)	Loss 0.15452 (0.19225)
2023-11-21 00:26:14,044 Epoch: [1][60/200]	Time 0.726s (0.736s)	Speed 44.1 samples/s	Data 0.001s (0.054s)	Loss 0.16568 (0.18860)
2023-11-21 00:26:21,201 Epoch: [1][70/200]	Time 0.683s (0.733s)	Speed 46.8 samples/s	Data 0.001s (0.046s)	Loss 0.15892 (0.18459)
2023-11-21 00:26:28,029 Epoch: [1][80/200]	Time 0.679s (0.727s)	Speed 47.1 samples/s	Data 0.001s (0.041s)	Loss 0.12108 (0.17984)
2023-11-21 00:26:34,739 Epoch: [1][90/200]	Time 0.662s (0.721s)	Speed 48.3 samples/s	Data 0.001s (0.036s)	Loss 0.13917 (0.17514)
2023-11-21 00:26:43,118 Epoch: [1][100/200]	Time 0.735s (0.732s)	Speed 43.6 samples/s	Data 0.001s (0.033s)	Loss 0.13162 (0.17211)
2023-11-21 00:26:50,352 Epoch: [1][110/200]	Time 0.681s (0.732s)	Speed 47.0 samples/s	Data 0.002s (0.030s)	Loss 0.12184 (0.16871)
2023-11-21 00:26:57,256 Epoch: [1][120/200]	Time 0.688s (0.728s)	Speed 46.5 samples/s	Data 0.001s (0.028s)	Loss 0.10684 (0.16456)
2023-11-21 00:27:04,174 Epoch: [1][130/200]	Time 0.705s (0.725s)	Speed 45.4 samples/s	Data 0.001s (0.026s)	Loss 0.10424 (0.16068)
2023-11-21 00:27:11,162 Epoch: [1][140/200]	Time 0.693s (0.724s)	Speed 46.2 samples/s	Data 0.001s (0.024s)	Loss 0.12396 (0.15719)
2023-11-21 00:27:18,359 Epoch: [1][150/200]	Time 0.715s (0.723s)	Speed 44.7 samples/s	Data 0.001s (0.022s)	Loss 0.09511 (0.15371)
2023-11-21 00:27:25,610 Epoch: [1][160/200]	Time 0.724s (0.723s)	Speed 44.2 samples/s	Data 0.001s (0.021s)	Loss 0.10577 (0.15053)
2023-11-21 00:27:33,013 Epoch: [1][170/200]	Time 0.723s (0.724s)	Speed 44.2 samples/s	Data 0.002s (0.020s)	Loss 0.08951 (0.14749)
2023-11-21 00:27:40,949 Epoch: [1][180/200]	Time 1.146s (0.728s)	Speed 27.9 samples/s	Data 0.001s (0.019s)	Loss 0.09933 (0.14458)
2023-11-21 00:27:48,409 Epoch: [1][190/200]	Time 0.755s (0.729s)	Speed 42.4 samples/s	Data 0.001s (0.018s)	Loss 0.09561 (0.14182)
2023-11-21 00:28:18,214 Test: [0/200]	Time 3.236 (3.236)	Loss 0.2863 (0.2863)
2023-11-21 00:28:18,625 Test: [10/200]	Time 0.039 (0.332)	Loss 0.0835 (0.2154)
2023-11-21 00:28:19,031 Test: [20/200]	Time 0.043 (0.193)	Loss 0.1870 (0.2188)
2023-11-21 00:28:19,444 Test: [30/200]	Time 0.039 (0.144)	Loss 0.2845 (0.2277)
2023-11-21 00:28:19,842 Test: [40/200]	Time 0.040 (0.119)	Loss 0.2219 (0.2377)
2023-11-21 00:28:20,237 Test: [50/200]	Time 0.039 (0.103)	Loss 0.3104 (0.2390)
2023-11-21 00:28:20,633 Test: [60/200]	Time 0.038 (0.093)	Loss 0.2740 (0.2406)
2023-11-21 00:28:21,033 Test: [70/200]	Time 0.038 (0.085)	Loss 0.2029 (0.2402)
2023-11-21 00:28:21,433 Test: [80/200]	Time 0.037 (0.080)	Loss 0.3040 (0.2364)
2023-11-21 00:28:21,832 Test: [90/200]	Time 0.038 (0.075)	Loss 0.3131 (0.2389)
2023-11-21 00:28:22,227 Test: [100/200]	Time 0.040 (0.072)	Loss 0.3521 (0.2374)
2023-11-21 00:28:22,619 Test: [110/200]	Time 0.038 (0.069)	Loss 0.3245 (0.2385)
2023-11-21 00:28:23,019 Test: [120/200]	Time 0.039 (0.066)	Loss 0.2639 (0.2364)
2023-11-21 00:28:23,418 Test: [130/200]	Time 0.037 (0.064)	Loss 0.2020 (0.2390)
2023-11-21 00:28:23,812 Test: [140/200]	Time 0.039 (0.063)	Loss 0.2365 (0.2388)
2023-11-21 00:28:24,204 Test: [150/200]	Time 0.037 (0.061)	Loss 0.2345 (0.2368)
2023-11-21 00:28:24,616 Test: [160/200]	Time 0.038 (0.060)	Loss 0.2749 (0.2366)
2023-11-21 00:28:25,015 Test: [170/200]	Time 0.039 (0.059)	Loss 0.1823 (0.2346)
2023-11-21 00:28:25,443 Test: [180/200]	Time 0.040 (0.058)	Loss 0.1669 (0.2334)
2023-11-21 00:28:25,867 Test: [190/200]	Time 0.041 (0.057)	Loss 0.1554 (0.2343)
2023-11-21 00:28:32,468 Mean IoU score: 0.453
2023-11-21 00:28:32,477 => saving checkpoint to out
2023-11-21 00:28:36,586 Epoch: [2][0/200]	Time 4.067s (4.067s)	Speed 7.9 samples/s	Data 3.280s (3.280s)	Loss 0.07552 (0.07552)
2023-11-21 00:28:43,473 Epoch: [2][10/200]	Time 0.734s (0.996s)	Speed 43.6 samples/s	Data 0.002s (0.299s)	Loss 0.08493 (0.08458)
2023-11-21 00:28:50,259 Epoch: [2][20/200]	Time 0.669s (0.845s)	Speed 47.8 samples/s	Data 0.001s (0.157s)	Loss 0.07838 (0.08005)
2023-11-21 00:28:57,154 Epoch: [2][30/200]	Time 0.682s (0.795s)	Speed 46.9 samples/s	Data 0.001s (0.107s)	Loss 0.06724 (0.07647)
2023-11-21 00:29:03,914 Epoch: [2][40/200]	Time 0.669s (0.766s)	Speed 47.9 samples/s	Data 0.001s (0.081s)	Loss 0.06706 (0.07570)
2023-11-21 00:29:10,736 Epoch: [2][50/200]	Time 0.683s (0.749s)	Speed 46.9 samples/s	Data 0.001s (0.065s)	Loss 0.05978 (0.07415)
2023-11-21 00:29:17,755 Epoch: [2][60/200]	Time 0.691s (0.742s)	Speed 46.3 samples/s	Data 0.001s (0.055s)	Loss 0.05791 (0.07256)
2023-11-21 00:29:29,236 Epoch: [2][70/200]	Time 0.702s (0.799s)	Speed 45.6 samples/s	Data 0.002s (0.047s)	Loss 0.06794 (0.07092)
2023-11-21 00:29:36,309 Epoch: [2][80/200]	Time 0.567s (0.788s)	Speed 56.4 samples/s	Data 0.001s (0.042s)	Loss 0.06249 (0.06991)
2023-11-21 02:29:39,425 Epoch: [2][90/200]	Time 7197.619s (79.856s)	Speed 0.0 samples/s	Data 0.001s (0.037s)	Loss 0.05182 (0.06861)
2023-11-21 02:29:46,143 Epoch: [2][100/200]	Time 0.562s (72.016s)	Speed 57.0 samples/s	Data 0.001s (0.034s)	Loss 0.05895 (0.06714)
2023-11-21 02:29:56,266 Epoch: [2][110/200]	Time 1.535s (65.619s)	Speed 20.8 samples/s	Data 0.002s (0.031s)	Loss 0.05531 (0.06658)
2023-11-21 04:20:09,348 Epoch: [2][120/200]	Time 0.583s (114.850s)	Speed 54.9 samples/s	Data 0.002s (0.028s)	Loss 0.05745 (0.06539)
2023-11-21 04:20:14,624 Epoch: [2][130/200]	Time 0.528s (106.123s)	Speed 60.7 samples/s	Data 0.001s (0.026s)	Loss 0.06170 (0.06442)
2023-11-21 04:20:20,155 Epoch: [2][140/200]	Time 0.534s (98.636s)	Speed 60.0 samples/s	Data 0.001s (0.025s)	Loss 0.05446 (0.06355)
2023-11-21 04:20:25,497 Epoch: [2][150/200]	Time 0.531s (92.139s)	Speed 60.3 samples/s	Data 0.001s (0.023s)	Loss 0.04744 (0.06295)
2023-11-21 04:20:30,821 Epoch: [2][160/200]	Time 0.520s (86.449s)	Speed 61.5 samples/s	Data 0.001s (0.022s)	Loss 0.04076 (0.06199)
2023-11-21 04:50:11,549 Epoch: [2][170/200]	Time 0.527s (91.807s)	Speed 60.7 samples/s	Data 0.001s (0.020s)	Loss 0.04468 (0.06106)
2023-11-21 04:50:16,853 Epoch: [2][180/200]	Time 0.523s (86.764s)	Speed 61.2 samples/s	Data 0.001s (0.019s)	Loss 0.04480 (0.06008)
2023-11-21 04:50:22,145 Epoch: [2][190/200]	Time 0.525s (82.249s)	Speed 60.9 samples/s	Data 0.001s (0.018s)	Loss 0.05047 (0.05917)
2023-11-21 04:50:50,408 Test: [0/200]	Time 3.476 (3.476)	Loss 0.1102 (0.1102)
2023-11-21 04:50:50,789 Test: [10/200]	Time 0.035 (0.351)	Loss 0.0324 (0.1042)
2023-11-21 04:50:51,125 Test: [20/200]	Time 0.032 (0.200)	Loss 0.0686 (0.1076)
2023-11-21 04:50:51,458 Test: [30/200]	Time 0.033 (0.146)	Loss 0.1673 (0.1122)
2023-11-21 04:50:51,792 Test: [40/200]	Time 0.032 (0.119)	Loss 0.0970 (0.1168)
2023-11-21 04:50:52,124 Test: [50/200]	Time 0.033 (0.102)	Loss 0.1546 (0.1176)
2023-11-21 04:50:52,465 Test: [60/200]	Time 0.033 (0.091)	Loss 0.1424 (0.1212)
2023-11-21 04:50:52,798 Test: [70/200]	Time 0.033 (0.083)	Loss 0.1070 (0.1205)
2023-11-21 04:50:53,135 Test: [80/200]	Time 0.033 (0.077)	Loss 0.1219 (0.1184)
2023-11-21 04:50:53,470 Test: [90/200]	Time 0.032 (0.072)	Loss 0.1726 (0.1204)
2023-11-21 04:50:53,803 Test: [100/200]	Time 0.032 (0.068)	Loss 0.1782 (0.1196)
2023-11-21 04:50:54,135 Test: [110/200]	Time 0.033 (0.065)	Loss 0.1848 (0.1208)
2023-11-21 04:50:54,486 Test: [120/200]	Time 0.032 (0.062)	Loss 0.1613 (0.1194)
2023-11-21 04:50:54,821 Test: [130/200]	Time 0.032 (0.060)	Loss 0.1229 (0.1205)
2023-11-21 04:50:55,153 Test: [140/200]	Time 0.032 (0.058)	Loss 0.1022 (0.1199)
2023-11-21 04:50:55,486 Test: [150/200]	Time 0.032 (0.057)	Loss 0.1192 (0.1187)
2023-11-21 06:50:07,090 Test: [160/200]	Time 0.044 (44.473)	Loss 0.1478 (0.1186)
2023-11-21 06:50:07,515 Test: [170/200]	Time 0.034 (41.875)	Loss 0.1360 (0.1176)
2023-11-21 06:50:07,884 Test: [180/200]	Time 0.032 (39.563)	Loss 0.1169 (0.1167)
2023-11-21 06:50:08,239 Test: [190/200]	Time 0.037 (37.494)	Loss 0.0777 (0.1168)
2023-11-21 06:50:14,550 Mean IoU score: 0.750
2023-11-21 06:50:14,557 => saving checkpoint to out
2023-11-21 06:50:18,839 Epoch: [3][0/200]	Time 4.209s (4.209s)	Speed 7.6 samples/s	Data 3.606s (3.606s)	Loss 0.03839 (0.03839)
2023-11-21 06:50:24,337 Epoch: [3][10/200]	Time 0.687s (0.882s)	Speed 46.6 samples/s	Data 0.001s (0.328s)	Loss 0.04305 (0.04140)
2023-11-21 06:50:29,683 Epoch: [3][20/200]	Time 0.521s (0.717s)	Speed 61.4 samples/s	Data 0.001s (0.172s)	Loss 0.06241 (0.04073)
2023-11-21 06:50:34,908 Epoch: [3][30/200]	Time 0.525s (0.654s)	Speed 60.9 samples/s	Data 0.001s (0.117s)	Loss 0.02748 (0.03992)
2023-11-21 06:50:40,312 Epoch: [3][40/200]	Time 0.526s (0.626s)	Speed 60.8 samples/s	Data 0.001s (0.089s)	Loss 0.03479 (0.03934)
2023-11-21 07:26:01,054 Epoch: [3][50/200]	Time 0.578s (42.087s)	Speed 55.3 samples/s	Data 0.005s (0.072s)	Loss 0.02958 (0.03847)
2023-11-21 07:26:06,342 Epoch: [3][60/200]	Time 0.534s (35.274s)	Speed 59.9 samples/s	Data 0.001s (0.060s)	Loss 0.03227 (0.03760)
2023-11-21 07:26:11,593 Epoch: [3][70/200]	Time 0.527s (30.380s)	Speed 60.8 samples/s	Data 0.001s (0.052s)	Loss 0.03512 (0.03713)
2023-11-21 07:26:17,071 Epoch: [3][80/200]	Time 0.532s (26.697s)	Speed 60.1 samples/s	Data 0.001s (0.046s)	Loss 0.02707 (0.03683)
2023-11-21 07:26:22,325 Epoch: [3][90/200]	Time 0.523s (23.821s)	Speed 61.2 samples/s	Data 0.001s (0.041s)	Loss 0.03117 (0.03647)
2023-11-21 07:26:27,692 Epoch: [3][100/200]	Time 0.529s (21.515s)	Speed 60.5 samples/s	Data 0.001s (0.037s)	Loss 0.03061 (0.03619)
2023-11-21 07:26:33,101 Epoch: [3][110/200]	Time 0.537s (19.626s)	Speed 59.6 samples/s	Data 0.001s (0.034s)	Loss 0.03043 (0.03598)
2023-11-21 07:26:38,455 Epoch: [3][120/200]	Time 0.535s (18.048s)	Speed 59.8 samples/s	Data 0.001s (0.031s)	Loss 0.04204 (0.03586)
2023-11-21 07:52:47,154 Epoch: [3][130/200]	Time 0.981s (28.645s)	Speed 32.6 samples/s	Data 0.002s (0.029s)	Loss 0.03249 (0.03569)
2023-11-21 07:52:55,359 Epoch: [3][140/200]	Time 0.699s (26.672s)	Speed 45.8 samples/s	Data 0.001s (0.027s)	Loss 0.03208 (0.03539)
2023-11-21 07:53:02,726 Epoch: [3][150/200]	Time 0.731s (24.954s)	Speed 43.8 samples/s	Data 0.001s (0.025s)	Loss 0.02578 (0.03526)
2023-11-21 07:53:09,762 Epoch: [3][160/200]	Time 0.661s (23.448s)	Speed 48.4 samples/s	Data 0.001s (0.024s)	Loss 0.03416 (0.03536)
2023-11-21 07:53:16,888 Epoch: [3][170/200]	Time 0.691s (22.118s)	Speed 46.3 samples/s	Data 0.001s (0.022s)	Loss 0.04161 (0.03532)
2023-11-21 07:53:23,606 Epoch: [3][180/200]	Time 0.655s (20.934s)	Speed 48.8 samples/s	Data 0.001s (0.021s)	Loss 0.03251 (0.03510)
2023-11-21 07:53:30,459 Epoch: [3][190/200]	Time 0.731s (19.873s)	Speed 43.8 samples/s	Data 0.001s (0.020s)	Loss 0.02412 (0.03490)
2023-11-21 07:54:00,574 Test: [0/200]	Time 4.025 (4.025)	Loss 0.1068 (0.1068)
2023-11-21 07:54:01,011 Test: [10/200]	Time 0.039 (0.406)	Loss 0.0211 (0.0788)
2023-11-21 07:54:01,442 Test: [20/200]	Time 0.040 (0.233)	Loss 0.0523 (0.0837)
2023-11-21 07:54:01,874 Test: [30/200]	Time 0.040 (0.172)	Loss 0.1341 (0.0899)
2023-11-21 07:54:02,318 Test: [40/200]	Time 0.038 (0.141)	Loss 0.0845 (0.0938)
2023-11-21 07:54:02,726 Test: [50/200]	Time 0.041 (0.121)	Loss 0.1348 (0.0941)
2023-11-21 07:54:03,149 Test: [60/200]	Time 0.041 (0.108)	Loss 0.1146 (0.0963)
2023-11-21 07:54:03,556 Test: [70/200]	Time 0.038 (0.099)	Loss 0.0909 (0.0967)
2023-11-21 07:54:03,961 Test: [80/200]	Time 0.039 (0.092)	Loss 0.0948 (0.0946)
2023-11-21 07:54:04,371 Test: [90/200]	Time 0.039 (0.086)	Loss 0.1150 (0.0957)
2023-11-21 07:54:04,776 Test: [100/200]	Time 0.038 (0.081)	Loss 0.1534 (0.0955)
2023-11-21 07:54:05,187 Test: [110/200]	Time 0.041 (0.078)	Loss 0.1660 (0.0965)
2023-11-21 07:54:05,602 Test: [120/200]	Time 0.040 (0.075)	Loss 0.1036 (0.0954)
2023-11-21 07:54:06,022 Test: [130/200]	Time 0.040 (0.072)	Loss 0.0792 (0.0959)
2023-11-21 07:54:06,444 Test: [140/200]	Time 0.040 (0.070)	Loss 0.0865 (0.0956)
2023-11-21 07:54:06,867 Test: [150/200]	Time 0.041 (0.068)	Loss 0.0822 (0.0946)
2023-11-21 07:54:07,304 Test: [160/200]	Time 0.043 (0.067)	Loss 0.1016 (0.0945)
2023-11-21 07:54:07,736 Test: [170/200]	Time 0.042 (0.065)	Loss 0.1063 (0.0938)
2023-11-21 07:54:08,170 Test: [180/200]	Time 0.043 (0.064)	Loss 0.0844 (0.0933)
2023-11-21 07:54:08,600 Test: [190/200]	Time 0.042 (0.063)	Loss 0.0581 (0.0933)
2023-11-21 07:54:15,106 Mean IoU score: 0.787
2023-11-21 07:54:15,113 => saving checkpoint to out
2023-11-21 07:54:19,302 Epoch: [4][0/200]	Time 4.128s (4.128s)	Speed 7.8 samples/s	Data 3.211s (3.211s)	Loss 0.03359 (0.03359)
2023-11-21 07:54:26,604 Epoch: [4][10/200]	Time 0.647s (1.039s)	Speed 49.5 samples/s	Data 0.001s (0.293s)	Loss 0.02616 (0.02841)
2023-11-21 07:54:33,100 Epoch: [4][20/200]	Time 0.636s (0.854s)	Speed 50.3 samples/s	Data 0.001s (0.154s)	Loss 0.02378 (0.02703)
2023-11-21 07:54:39,389 Epoch: [4][30/200]	Time 0.616s (0.781s)	Speed 51.9 samples/s	Data 0.001s (0.105s)	Loss 0.02385 (0.02690)
2023-11-21 07:54:45,932 Epoch: [4][40/200]	Time 0.651s (0.750s)	Speed 49.1 samples/s	Data 0.001s (0.079s)	Loss 0.02472 (0.02712)
2023-11-21 07:54:52,590 Epoch: [4][50/200]	Time 0.715s (0.734s)	Speed 44.8 samples/s	Data 0.001s (0.064s)	Loss 0.02287 (0.02674)
2023-11-21 07:55:00,239 Epoch: [4][60/200]	Time 0.742s (0.739s)	Speed 43.1 samples/s	Data 0.001s (0.054s)	Loss 0.02027 (0.02644)
2023-11-21 07:55:07,002 Epoch: [4][70/200]	Time 0.649s (0.730s)	Speed 49.3 samples/s	Data 0.001s (0.046s)	Loss 0.02557 (0.02645)
2023-11-21 07:55:13,432 Epoch: [4][80/200]	Time 0.655s (0.719s)	Speed 48.9 samples/s	Data 0.001s (0.041s)	Loss 0.02458 (0.02626)
2023-11-21 07:55:19,891 Epoch: [4][90/200]	Time 0.647s (0.711s)	Speed 49.5 samples/s	Data 0.001s (0.036s)	Loss 0.02613 (0.02597)
2023-11-21 07:55:26,520 Epoch: [4][100/200]	Time 0.648s (0.706s)	Speed 49.4 samples/s	Data 0.001s (0.033s)	Loss 0.02422 (0.02588)
2023-11-21 07:55:33,003 Epoch: [4][110/200]	Time 0.649s (0.701s)	Speed 49.3 samples/s	Data 0.001s (0.030s)	Loss 0.02707 (0.02593)
2023-11-21 07:55:39,553 Epoch: [4][120/200]	Time 0.649s (0.697s)	Speed 49.3 samples/s	Data 0.001s (0.028s)	Loss 0.02871 (0.02576)
2023-11-21 07:55:46,324 Epoch: [4][130/200]	Time 0.728s (0.696s)	Speed 44.0 samples/s	Data 0.001s (0.026s)	Loss 0.02226 (0.02573)
2023-11-21 07:55:53,765 Epoch: [4][140/200]	Time 0.791s (0.699s)	Speed 40.5 samples/s	Data 0.001s (0.024s)	Loss 0.02404 (0.02576)
2023-11-21 07:56:00,616 Epoch: [4][150/200]	Time 0.651s (0.698s)	Speed 49.2 samples/s	Data 0.001s (0.022s)	Loss 0.01986 (0.02569)
2023-11-21 07:56:07,203 Epoch: [4][160/200]	Time 0.641s (0.696s)	Speed 49.9 samples/s	Data 0.001s (0.021s)	Loss 0.02226 (0.02545)
2023-11-21 07:56:13,707 Epoch: [4][170/200]	Time 0.672s (0.693s)	Speed 47.6 samples/s	Data 0.001s (0.020s)	Loss 0.01897 (0.02531)
2023-11-21 07:56:20,199 Epoch: [4][180/200]	Time 0.673s (0.691s)	Speed 47.6 samples/s	Data 0.001s (0.019s)	Loss 0.03290 (0.02527)
2023-11-21 07:56:26,806 Epoch: [4][190/200]	Time 0.655s (0.689s)	Speed 48.9 samples/s	Data 0.001s (0.018s)	Loss 0.02546 (0.02515)
2023-11-21 07:56:55,403 Test: [0/200]	Time 2.700 (2.700)	Loss 0.0726 (0.0726)
2023-11-21 07:56:55,842 Test: [10/200]	Time 0.052 (0.285)	Loss 0.0267 (0.0657)
2023-11-21 07:56:56,253 Test: [20/200]	Time 0.038 (0.169)	Loss 0.0449 (0.0657)
2023-11-21 07:56:56,661 Test: [30/200]	Time 0.039 (0.128)	Loss 0.1008 (0.0717)
2023-11-21 07:56:57,060 Test: [40/200]	Time 0.037 (0.106)	Loss 0.0518 (0.0744)
2023-11-21 07:56:57,462 Test: [50/200]	Time 0.038 (0.093)	Loss 0.0954 (0.0745)
2023-11-21 07:56:57,867 Test: [60/200]	Time 0.039 (0.085)	Loss 0.1268 (0.0771)
2023-11-21 07:56:58,267 Test: [70/200]	Time 0.039 (0.078)	Loss 0.0731 (0.0772)
2023-11-21 07:56:58,666 Test: [80/200]	Time 0.039 (0.074)	Loss 0.0772 (0.0757)
2023-11-21 07:56:59,064 Test: [90/200]	Time 0.038 (0.070)	Loss 0.1129 (0.0769)
2023-11-21 07:56:59,461 Test: [100/200]	Time 0.038 (0.067)	Loss 0.1341 (0.0768)
2023-11-21 07:56:59,858 Test: [110/200]	Time 0.038 (0.064)	Loss 0.1500 (0.0777)
2023-11-21 07:57:00,259 Test: [120/200]	Time 0.039 (0.062)	Loss 0.0938 (0.0763)
2023-11-21 07:57:00,663 Test: [130/200]	Time 0.038 (0.061)	Loss 0.0710 (0.0768)
2023-11-21 07:57:01,062 Test: [140/200]	Time 0.039 (0.059)	Loss 0.0697 (0.0764)
2023-11-21 07:57:01,471 Test: [150/200]	Time 0.041 (0.058)	Loss 0.0672 (0.0754)
2023-11-21 07:57:01,871 Test: [160/200]	Time 0.038 (0.057)	Loss 0.0826 (0.0755)
2023-11-21 07:57:02,268 Test: [170/200]	Time 0.040 (0.056)	Loss 0.0632 (0.0751)
2023-11-21 07:57:02,662 Test: [180/200]	Time 0.038 (0.055)	Loss 0.0474 (0.0744)
2023-11-21 07:57:03,104 Test: [190/200]	Time 0.041 (0.054)	Loss 0.0395 (0.0747)
2023-11-21 07:57:09,611 Mean IoU score: 0.827
2023-11-21 07:57:09,618 => saving checkpoint to out
2023-11-21 07:57:13,602 Epoch: [5][0/200]	Time 3.935s (3.935s)	Speed 8.1 samples/s	Data 3.204s (3.204s)	Loss 0.01669 (0.01669)
2023-11-21 07:57:20,543 Epoch: [5][10/200]	Time 0.723s (0.989s)	Speed 44.3 samples/s	Data 0.001s (0.292s)	Loss 0.01745 (0.02041)
2023-11-21 07:57:28,572 Epoch: [5][20/200]	Time 0.779s (0.900s)	Speed 41.1 samples/s	Data 0.001s (0.153s)	Loss 0.02817 (0.02137)
2023-11-21 07:57:35,545 Epoch: [5][30/200]	Time 0.676s (0.835s)	Speed 47.3 samples/s	Data 0.001s (0.104s)	Loss 0.02815 (0.02140)
2023-11-21 07:57:42,445 Epoch: [5][40/200]	Time 0.683s (0.799s)	Speed 46.9 samples/s	Data 0.001s (0.079s)	Loss 0.01919 (0.02145)
2023-11-21 07:57:49,346 Epoch: [5][50/200]	Time 0.684s (0.778s)	Speed 46.8 samples/s	Data 0.001s (0.064s)	Loss 0.02310 (0.02142)
2023-11-21 07:57:56,393 Epoch: [5][60/200]	Time 0.715s (0.766s)	Speed 44.8 samples/s	Data 0.001s (0.054s)	Loss 0.01499 (0.02096)
2023-11-21 07:58:03,191 Epoch: [5][70/200]	Time 0.681s (0.754s)	Speed 47.0 samples/s	Data 0.001s (0.046s)	Loss 0.01792 (0.02065)
2023-11-21 07:58:09,956 Epoch: [5][80/200]	Time 0.685s (0.744s)	Speed 46.7 samples/s	Data 0.001s (0.041s)	Loss 0.01797 (0.02043)
2023-11-21 07:58:18,045 Epoch: [5][90/200]	Time 0.817s (0.751s)	Speed 39.2 samples/s	Data 0.001s (0.036s)	Loss 0.01419 (0.02031)
2023-11-21 07:58:25,582 Epoch: [5][100/200]	Time 0.707s (0.752s)	Speed 45.3 samples/s	Data 0.001s (0.033s)	Loss 0.02214 (0.02023)
2023-11-21 07:58:32,463 Epoch: [5][110/200]	Time 0.667s (0.746s)	Speed 47.9 samples/s	Data 0.001s (0.030s)	Loss 0.02386 (0.02028)
2023-11-21 07:58:39,262 Epoch: [5][120/200]	Time 0.674s (0.740s)	Speed 47.5 samples/s	Data 0.001s (0.027s)	Loss 0.02337 (0.02021)
2023-11-21 07:58:46,264 Epoch: [5][130/200]	Time 0.771s (0.737s)	Speed 41.5 samples/s	Data 0.001s (0.025s)	Loss 0.02344 (0.02036)
2023-11-21 07:58:53,969 Epoch: [5][140/200]	Time 0.789s (0.740s)	Speed 40.6 samples/s	Data 0.001s (0.024s)	Loss 0.02226 (0.02041)
2023-11-21 07:59:00,964 Epoch: [5][150/200]	Time 0.677s (0.737s)	Speed 47.2 samples/s	Data 0.002s (0.022s)	Loss 0.02431 (0.02037)
2023-11-21 07:59:07,774 Epoch: [5][160/200]	Time 0.682s (0.734s)	Speed 46.9 samples/s	Data 0.001s (0.021s)	Loss 0.02258 (0.02021)
2023-11-21 07:59:14,589 Epoch: [5][170/200]	Time 0.675s (0.731s)	Speed 47.4 samples/s	Data 0.001s (0.020s)	Loss 0.01880 (0.02014)
2023-11-21 07:59:21,415 Epoch: [5][180/200]	Time 0.671s (0.728s)	Speed 47.7 samples/s	Data 0.001s (0.019s)	Loss 0.01797 (0.02015)
2023-11-21 07:59:28,279 Epoch: [5][190/200]	Time 0.683s (0.726s)	Speed 46.9 samples/s	Data 0.001s (0.018s)	Loss 0.01701 (0.02012)
2023-11-21 07:59:56,977 Test: [0/200]	Time 2.608 (2.608)	Loss 0.0805 (0.0805)
2023-11-21 07:59:57,391 Test: [10/200]	Time 0.040 (0.275)	Loss 0.0213 (0.0687)
2023-11-21 07:59:57,802 Test: [20/200]	Time 0.040 (0.163)	Loss 0.0461 (0.0698)
2023-11-21 07:59:58,221 Test: [30/200]	Time 0.040 (0.124)	Loss 0.1120 (0.0766)
2023-11-21 07:59:58,630 Test: [40/200]	Time 0.039 (0.104)	Loss 0.0709 (0.0792)
2023-11-21 07:59:59,040 Test: [50/200]	Time 0.040 (0.092)	Loss 0.1143 (0.0791)
2023-11-21 07:59:59,462 Test: [60/200]	Time 0.041 (0.083)	Loss 0.1221 (0.0808)
2023-11-21 07:59:59,887 Test: [70/200]	Time 0.042 (0.078)	Loss 0.0627 (0.0803)
2023-11-21 08:00:00,313 Test: [80/200]	Time 0.041 (0.073)	Loss 0.0981 (0.0792)
2023-11-21 08:00:00,738 Test: [90/200]	Time 0.041 (0.070)	Loss 0.0957 (0.0804)
2023-11-21 08:00:01,167 Test: [100/200]	Time 0.042 (0.067)	Loss 0.1260 (0.0802)
2023-11-21 08:00:01,594 Test: [110/200]	Time 0.042 (0.065)	Loss 0.1441 (0.0804)
2023-11-21 08:00:02,021 Test: [120/200]	Time 0.042 (0.063)	Loss 0.1013 (0.0788)
2023-11-21 08:00:02,446 Test: [130/200]	Time 0.041 (0.062)	Loss 0.0696 (0.0795)
2023-11-21 08:00:02,871 Test: [140/200]	Time 0.041 (0.060)	Loss 0.0715 (0.0790)
2023-11-21 08:00:03,302 Test: [150/200]	Time 0.041 (0.059)	Loss 0.0756 (0.0782)
2023-11-21 08:00:03,728 Test: [160/200]	Time 0.041 (0.058)	Loss 0.0844 (0.0783)
2023-11-21 08:00:04,154 Test: [170/200]	Time 0.041 (0.057)	Loss 0.0708 (0.0776)
2023-11-21 08:00:04,574 Test: [180/200]	Time 0.041 (0.056)	Loss 0.0613 (0.0773)
2023-11-21 08:00:04,996 Test: [190/200]	Time 0.040 (0.056)	Loss 0.0422 (0.0772)
2023-11-21 08:00:11,466 Mean IoU score: 0.818
2023-11-21 08:00:11,473 => saving checkpoint to out
2023-11-21 08:00:15,472 Epoch: [6][0/200]	Time 3.966s (3.966s)	Speed 8.1 samples/s	Data 3.270s (3.270s)	Loss 0.01661 (0.01661)
2023-11-21 08:00:22,602 Epoch: [6][10/200]	Time 0.906s (1.009s)	Speed 35.3 samples/s	Data 0.001s (0.298s)	Loss 0.02014 (0.01650)
2023-11-21 08:00:30,285 Epoch: [6][20/200]	Time 0.697s (0.894s)	Speed 45.9 samples/s	Data 0.001s (0.157s)	Loss 0.01531 (0.01713)
2023-11-21 08:00:37,034 Epoch: [6][30/200]	Time 0.685s (0.823s)	Speed 46.7 samples/s	Data 0.001s (0.106s)	Loss 0.01683 (0.01725)
2023-11-21 08:00:43,724 Epoch: [6][40/200]	Time 0.673s (0.786s)	Speed 47.5 samples/s	Data 0.001s (0.081s)	Loss 0.01793 (0.01710)
2023-11-21 08:00:50,427 Epoch: [6][50/200]	Time 0.661s (0.763s)	Speed 48.4 samples/s	Data 0.001s (0.065s)	Loss 0.01520 (0.01708)
2023-11-21 08:00:57,243 Epoch: [6][60/200]	Time 0.691s (0.750s)	Speed 46.3 samples/s	Data 0.001s (0.055s)	Loss 0.01379 (0.01680)
2023-11-21 08:01:04,014 Epoch: [6][70/200]	Time 0.671s (0.740s)	Speed 47.7 samples/s	Data 0.001s (0.047s)	Loss 0.01455 (0.01655)
2023-11-21 08:01:10,789 Epoch: [6][80/200]	Time 0.693s (0.732s)	Speed 46.2 samples/s	Data 0.001s (0.041s)	Loss 0.01424 (0.01645)
2023-11-21 08:01:18,600 Epoch: [6][90/200]	Time 0.795s (0.737s)	Speed 40.3 samples/s	Data 0.001s (0.037s)	Loss 0.01632 (0.01637)
2023-11-21 08:01:25,956 Epoch: [6][100/200]	Time 0.704s (0.737s)	Speed 45.4 samples/s	Data 0.002s (0.033s)	Loss 0.01491 (0.01633)
2023-11-21 08:01:32,733 Epoch: [6][110/200]	Time 0.670s (0.732s)	Speed 47.8 samples/s	Data 0.001s (0.030s)	Loss 0.01224 (0.01624)
2023-11-21 08:01:39,677 Epoch: [6][120/200]	Time 0.780s (0.729s)	Speed 41.0 samples/s	Data 0.001s (0.028s)	Loss 0.01616 (0.01617)
2023-11-21 08:01:46,898 Epoch: [6][130/200]	Time 0.709s (0.728s)	Speed 45.2 samples/s	Data 0.001s (0.026s)	Loss 0.01208 (0.01604)
2023-11-21 08:01:54,013 Epoch: [6][140/200]	Time 0.732s (0.727s)	Speed 43.7 samples/s	Data 0.001s (0.024s)	Loss 0.01408 (0.01596)
2023-11-21 08:02:01,146 Epoch: [6][150/200]	Time 0.697s (0.726s)	Speed 45.9 samples/s	Data 0.001s (0.023s)	Loss 0.01525 (0.01590)
2023-11-21 08:02:08,052 Epoch: [6][160/200]	Time 0.673s (0.724s)	Speed 47.6 samples/s	Data 0.001s (0.021s)	Loss 0.01887 (0.01589)
2023-11-21 08:02:15,045 Epoch: [6][170/200]	Time 0.694s (0.722s)	Speed 46.1 samples/s	Data 0.001s (0.020s)	Loss 0.01525 (0.01580)
2023-11-21 08:02:23,284 Epoch: [6][180/200]	Time 1.031s (0.728s)	Speed 31.0 samples/s	Data 0.001s (0.019s)	Loss 0.01059 (0.01579)
2023-11-21 08:02:30,891 Epoch: [6][190/200]	Time 0.661s (0.730s)	Speed 48.4 samples/s	Data 0.001s (0.018s)	Loss 0.01601 (0.01575)
2023-11-21 08:03:00,124 Test: [0/200]	Time 3.165 (3.165)	Loss 0.0624 (0.0624)
2023-11-21 08:03:00,533 Test: [10/200]	Time 0.038 (0.325)	Loss 0.0115 (0.0532)
2023-11-21 08:03:00,942 Test: [20/200]	Time 0.040 (0.190)	Loss 0.0285 (0.0565)
2023-11-21 08:03:01,362 Test: [30/200]	Time 0.039 (0.142)	Loss 0.0775 (0.0609)
2023-11-21 08:03:01,772 Test: [40/200]	Time 0.040 (0.117)	Loss 0.0461 (0.0635)
2023-11-21 08:03:02,183 Test: [50/200]	Time 0.039 (0.102)	Loss 0.0974 (0.0640)
2023-11-21 08:03:02,594 Test: [60/200]	Time 0.040 (0.092)	Loss 0.0902 (0.0655)
2023-11-21 08:03:03,000 Test: [70/200]	Time 0.038 (0.085)	Loss 0.0505 (0.0652)
2023-11-21 08:03:03,404 Test: [80/200]	Time 0.039 (0.080)	Loss 0.0700 (0.0638)
2023-11-21 08:03:03,807 Test: [90/200]	Time 0.039 (0.075)	Loss 0.0957 (0.0657)
2023-11-21 08:03:04,209 Test: [100/200]	Time 0.038 (0.072)	Loss 0.0905 (0.0652)
2023-11-21 08:03:04,614 Test: [110/200]	Time 0.039 (0.069)	Loss 0.1564 (0.0663)
2023-11-21 08:03:05,019 Test: [120/200]	Time 0.038 (0.067)	Loss 0.0689 (0.0648)
2023-11-21 08:03:05,419 Test: [130/200]	Time 0.038 (0.065)	Loss 0.0662 (0.0652)
2023-11-21 08:03:05,836 Test: [140/200]	Time 0.040 (0.063)	Loss 0.0565 (0.0644)
2023-11-21 08:03:06,267 Test: [150/200]	Time 0.044 (0.062)	Loss 0.0548 (0.0635)
2023-11-21 08:03:06,696 Test: [160/200]	Time 0.044 (0.060)	Loss 0.0737 (0.0637)
2023-11-21 08:03:07,171 Test: [170/200]	Time 0.046 (0.060)	Loss 0.0742 (0.0632)
2023-11-21 08:03:07,652 Test: [180/200]	Time 0.045 (0.059)	Loss 0.0576 (0.0629)
2023-11-21 08:03:08,125 Test: [190/200]	Time 0.048 (0.058)	Loss 0.0313 (0.0628)
2023-11-21 08:03:14,812 Mean IoU score: 0.849
2023-11-21 08:03:14,819 => saving checkpoint to out
2023-11-21 08:03:19,852 Epoch: [7][0/200]	Time 4.982s (4.982s)	Speed 6.4 samples/s	Data 4.108s (4.108s)	Loss 0.01401 (0.01401)
2023-11-21 08:03:27,289 Epoch: [7][10/200]	Time 0.679s (1.129s)	Speed 47.1 samples/s	Data 0.001s (0.375s)	Loss 0.01280 (0.01441)
2023-11-21 08:03:34,091 Epoch: [7][20/200]	Time 0.657s (0.915s)	Speed 48.7 samples/s	Data 0.001s (0.197s)	Loss 0.01605 (0.01442)
2023-11-21 08:03:40,782 Epoch: [7][30/200]	Time 0.674s (0.836s)	Speed 47.5 samples/s	Data 0.001s (0.134s)	Loss 0.01529 (0.01408)
2023-11-21 08:03:47,674 Epoch: [7][40/200]	Time 0.687s (0.800s)	Speed 46.6 samples/s	Data 0.001s (0.101s)	Loss 0.01161 (0.01411)
2023-11-21 08:03:54,725 Epoch: [7][50/200]	Time 0.692s (0.781s)	Speed 46.2 samples/s	Data 0.001s (0.082s)	Loss 0.01373 (0.01393)
2023-11-21 08:04:02,014 Epoch: [7][60/200]	Time 0.781s (0.773s)	Speed 41.0 samples/s	Data 0.001s (0.068s)	Loss 0.01280 (0.01386)
2023-11-21 08:04:10,414 Epoch: [7][70/200]	Time 0.782s (0.782s)	Speed 40.9 samples/s	Data 0.001s (0.059s)	Loss 0.01177 (0.01370)
2023-11-21 08:04:17,487 Epoch: [7][80/200]	Time 0.690s (0.773s)	Speed 46.4 samples/s	Data 0.001s (0.052s)	Loss 0.01081 (0.01367)
2023-11-21 08:04:24,503 Epoch: [7][90/200]	Time 0.744s (0.765s)	Speed 43.0 samples/s	Data 0.001s (0.046s)	Loss 0.01555 (0.01351)
2023-11-21 08:04:31,685 Epoch: [7][100/200]	Time 0.700s (0.761s)	Speed 45.7 samples/s	Data 0.001s (0.042s)	Loss 0.01518 (0.01355)
2023-11-21 08:04:38,644 Epoch: [7][110/200]	Time 0.674s (0.755s)	Speed 47.5 samples/s	Data 0.001s (0.038s)	Loss 0.00979 (0.01347)
2023-11-21 08:04:45,544 Epoch: [7][120/200]	Time 0.743s (0.749s)	Speed 43.1 samples/s	Data 0.001s (0.035s)	Loss 0.01264 (0.01357)
2023-11-21 08:04:53,209 Epoch: [7][130/200]	Time 0.786s (0.751s)	Speed 40.7 samples/s	Data 0.001s (0.032s)	Loss 0.01232 (0.01357)
2023-11-21 08:05:00,365 Epoch: [7][140/200]	Time 0.687s (0.748s)	Speed 46.6 samples/s	Data 0.001s (0.030s)	Loss 0.01606 (0.01350)
2023-11-21 08:05:07,326 Epoch: [7][150/200]	Time 0.677s (0.745s)	Speed 47.2 samples/s	Data 0.001s (0.028s)	Loss 0.01130 (0.01343)
2023-11-21 08:05:14,167 Epoch: [7][160/200]	Time 0.685s (0.741s)	Speed 46.7 samples/s	Data 0.001s (0.027s)	Loss 0.01569 (0.01338)
2023-11-21 08:05:21,046 Epoch: [7][170/200]	Time 0.702s (0.738s)	Speed 45.6 samples/s	Data 0.001s (0.025s)	Loss 0.01462 (0.01339)
2023-11-21 08:05:28,089 Epoch: [7][180/200]	Time 0.674s (0.736s)	Speed 47.5 samples/s	Data 0.001s (0.024s)	Loss 0.01247 (0.01337)
2023-11-21 08:05:34,940 Epoch: [7][190/200]	Time 0.675s (0.733s)	Speed 47.4 samples/s	Data 0.001s (0.023s)	Loss 0.01214 (0.01340)
2023-11-21 08:06:04,317 Test: [0/200]	Time 2.772 (2.772)	Loss 0.0579 (0.0579)
2023-11-21 08:06:04,736 Test: [10/200]	Time 0.039 (0.290)	Loss 0.0170 (0.0563)
2023-11-21 08:06:05,140 Test: [20/200]	Time 0.040 (0.171)	Loss 0.0322 (0.0551)
2023-11-21 08:06:05,553 Test: [30/200]	Time 0.040 (0.129)	Loss 0.0870 (0.0606)
2023-11-21 08:06:05,965 Test: [40/200]	Time 0.040 (0.108)	Loss 0.0402 (0.0619)
2023-11-21 08:06:06,367 Test: [50/200]	Time 0.039 (0.095)	Loss 0.0893 (0.0616)
2023-11-21 08:06:06,776 Test: [60/200]	Time 0.040 (0.086)	Loss 0.1034 (0.0637)
2023-11-21 08:06:07,188 Test: [70/200]	Time 0.039 (0.079)	Loss 0.0460 (0.0640)
2023-11-21 08:06:07,595 Test: [80/200]	Time 0.040 (0.075)	Loss 0.0664 (0.0627)
2023-11-21 08:06:08,013 Test: [90/200]	Time 0.042 (0.071)	Loss 0.0821 (0.0639)
2023-11-21 08:06:08,430 Test: [100/200]	Time 0.040 (0.068)	Loss 0.0966 (0.0634)
2023-11-21 08:06:08,849 Test: [110/200]	Time 0.039 (0.066)	Loss 0.1545 (0.0646)
2023-11-21 08:06:09,267 Test: [120/200]	Time 0.040 (0.064)	Loss 0.0821 (0.0632)
2023-11-21 08:06:09,694 Test: [130/200]	Time 0.044 (0.062)	Loss 0.0545 (0.0636)
2023-11-21 08:06:10,137 Test: [140/200]	Time 0.042 (0.061)	Loss 0.0645 (0.0631)
2023-11-21 08:06:10,603 Test: [150/200]	Time 0.046 (0.060)	Loss 0.0546 (0.0619)
2023-11-21 08:06:11,064 Test: [160/200]	Time 0.044 (0.059)	Loss 0.0791 (0.0623)
2023-11-21 08:06:11,567 Test: [170/200]	Time 0.046 (0.059)	Loss 0.0750 (0.0618)
2023-11-21 08:06:12,050 Test: [180/200]	Time 0.048 (0.058)	Loss 0.0401 (0.0615)
2023-11-21 08:06:12,536 Test: [190/200]	Time 0.047 (0.058)	Loss 0.0281 (0.0615)
2023-11-21 08:06:19,074 Mean IoU score: 0.852
2023-11-21 08:06:19,081 => saving checkpoint to out
2023-11-21 08:06:23,463 Epoch: [8][0/200]	Time 4.346s (4.346s)	Speed 7.4 samples/s	Data 3.499s (3.499s)	Loss 0.01197 (0.01197)
2023-11-21 08:06:30,570 Epoch: [8][10/200]	Time 0.679s (1.041s)	Speed 47.1 samples/s	Data 0.001s (0.319s)	Loss 0.01040 (0.01167)
2023-11-21 08:06:37,428 Epoch: [8][20/200]	Time 0.683s (0.872s)	Speed 46.8 samples/s	Data 0.001s (0.167s)	Loss 0.01155 (0.01199)
2023-11-21 08:06:44,389 Epoch: [8][30/200]	Time 0.768s (0.815s)	Speed 41.7 samples/s	Data 0.001s (0.114s)	Loss 0.01163 (0.01202)
2023-11-21 08:06:51,399 Epoch: [8][40/200]	Time 0.724s (0.787s)	Speed 44.2 samples/s	Data 0.001s (0.086s)	Loss 0.00948 (0.01191)
2023-11-21 08:06:58,785 Epoch: [8][50/200]	Time 0.716s (0.778s)	Speed 44.7 samples/s	Data 0.001s (0.070s)	Loss 0.01241 (0.01205)
2023-11-21 08:07:05,920 Epoch: [8][60/200]	Time 0.689s (0.767s)	Speed 46.5 samples/s	Data 0.001s (0.058s)	Loss 0.01341 (0.01198)
2023-11-21 08:07:13,233 Epoch: [8][70/200]	Time 0.780s (0.762s)	Speed 41.0 samples/s	Data 0.001s (0.050s)	Loss 0.01168 (0.01187)
2023-11-21 08:07:21,388 Epoch: [8][80/200]	Time 0.790s (0.769s)	Speed 40.5 samples/s	Data 0.001s (0.044s)	Loss 0.00905 (0.01180)
2023-11-21 08:07:28,956 Epoch: [8][90/200]	Time 0.736s (0.767s)	Speed 43.5 samples/s	Data 0.001s (0.039s)	Loss 0.00922 (0.01167)
2023-11-21 08:07:35,784 Epoch: [8][100/200]	Time 0.676s (0.759s)	Speed 47.3 samples/s	Data 0.001s (0.036s)	Loss 0.01202 (0.01173)
2023-11-21 08:07:42,833 Epoch: [8][110/200]	Time 0.731s (0.754s)	Speed 43.8 samples/s	Data 0.001s (0.032s)	Loss 0.01327 (0.01172)
2023-11-21 08:07:50,685 Epoch: [8][120/200]	Time 0.820s (0.757s)	Speed 39.0 samples/s	Data 0.001s (0.030s)	Loss 0.01229 (0.01180)
2023-11-21 08:07:58,220 Epoch: [8][130/200]	Time 0.711s (0.757s)	Speed 45.0 samples/s	Data 0.001s (0.028s)	Loss 0.00879 (0.01180)
2023-11-21 08:08:05,249 Epoch: [8][140/200]	Time 0.698s (0.753s)	Speed 45.8 samples/s	Data 0.001s (0.026s)	Loss 0.01366 (0.01183)
2023-11-21 08:08:12,428 Epoch: [8][150/200]	Time 0.712s (0.750s)	Speed 44.9 samples/s	Data 0.001s (0.024s)	Loss 0.01057 (0.01177)
2023-11-21 08:08:19,569 Epoch: [8][160/200]	Time 0.706s (0.748s)	Speed 45.3 samples/s	Data 0.001s (0.023s)	Loss 0.01231 (0.01179)
2023-11-21 08:08:26,458 Epoch: [8][170/200]	Time 0.712s (0.745s)	Speed 44.9 samples/s	Data 0.001s (0.021s)	Loss 0.01071 (0.01178)
2023-11-21 08:08:33,352 Epoch: [8][180/200]	Time 0.705s (0.742s)	Speed 45.4 samples/s	Data 0.001s (0.020s)	Loss 0.01306 (0.01177)
2023-11-21 08:08:40,958 Epoch: [8][190/200]	Time 0.807s (0.743s)	Speed 39.7 samples/s	Data 0.001s (0.019s)	Loss 0.01206 (0.01172)
2023-11-21 08:09:11,386 Test: [0/200]	Time 3.167 (3.167)	Loss 0.0600 (0.0600)
2023-11-21 08:09:11,815 Test: [10/200]	Time 0.038 (0.327)	Loss 0.0207 (0.0530)
2023-11-21 08:09:12,225 Test: [20/200]	Time 0.039 (0.191)	Loss 0.0252 (0.0525)
2023-11-21 08:09:12,641 Test: [30/200]	Time 0.040 (0.143)	Loss 0.0681 (0.0568)
2023-11-21 08:09:13,048 Test: [40/200]	Time 0.040 (0.118)	Loss 0.0506 (0.0593)
2023-11-21 08:09:13,455 Test: [50/200]	Time 0.039 (0.103)	Loss 0.0893 (0.0589)
2023-11-21 08:09:13,889 Test: [60/200]	Time 0.042 (0.093)	Loss 0.1012 (0.0607)
2023-11-21 08:09:14,298 Test: [70/200]	Time 0.041 (0.086)	Loss 0.0448 (0.0611)
2023-11-21 08:09:14,701 Test: [80/200]	Time 0.040 (0.080)	Loss 0.0537 (0.0596)
2023-11-21 08:09:15,109 Test: [90/200]	Time 0.039 (0.076)	Loss 0.0829 (0.0612)
2023-11-21 08:09:15,516 Test: [100/200]	Time 0.040 (0.072)	Loss 0.0951 (0.0606)
2023-11-21 08:09:15,960 Test: [110/200]	Time 0.053 (0.070)	Loss 0.1511 (0.0618)
2023-11-21 08:09:16,375 Test: [120/200]	Time 0.039 (0.067)	Loss 0.0672 (0.0603)
2023-11-21 08:09:16,784 Test: [130/200]	Time 0.039 (0.065)	Loss 0.0501 (0.0604)
2023-11-21 08:09:17,196 Test: [140/200]	Time 0.040 (0.064)	Loss 0.0587 (0.0599)
2023-11-21 08:09:17,631 Test: [150/200]	Time 0.042 (0.062)	Loss 0.0587 (0.0589)
2023-11-21 08:09:18,054 Test: [160/200]	Time 0.040 (0.061)	Loss 0.0781 (0.0595)
2023-11-21 08:09:18,492 Test: [170/200]	Time 0.041 (0.060)	Loss 0.0567 (0.0591)
2023-11-21 08:09:18,936 Test: [180/200]	Time 0.043 (0.059)	Loss 0.0389 (0.0590)
2023-11-21 08:09:19,403 Test: [190/200]	Time 0.045 (0.059)	Loss 0.0283 (0.0590)
2023-11-21 08:09:25,983 Mean IoU score: 0.859
2023-11-21 08:09:25,988 => saving checkpoint to out
2023-11-21 08:09:30,155 Epoch: [9][0/200]	Time 4.113s (4.113s)	Speed 7.8 samples/s	Data 3.348s (3.348s)	Loss 0.01113 (0.01113)
2023-11-21 08:09:37,301 Epoch: [9][10/200]	Time 0.705s (1.024s)	Speed 45.4 samples/s	Data 0.001s (0.305s)	Loss 0.01034 (0.01061)
2023-11-21 08:09:44,928 Epoch: [9][20/200]	Time 0.836s (0.899s)	Speed 38.3 samples/s	Data 0.001s (0.160s)	Loss 0.01532 (0.01092)
2023-11-21 08:09:52,699 Epoch: [9][30/200]	Time 0.717s (0.860s)	Speed 44.6 samples/s	Data 0.001s (0.109s)	Loss 0.00975 (0.01102)
2023-11-21 08:09:59,912 Epoch: [9][40/200]	Time 0.731s (0.826s)	Speed 43.8 samples/s	Data 0.001s (0.083s)	Loss 0.01094 (0.01105)
2023-11-21 08:10:07,070 Epoch: [9][50/200]	Time 0.781s (0.804s)	Speed 41.0 samples/s	Data 0.001s (0.067s)	Loss 0.00741 (0.01087)
2023-11-21 08:10:14,826 Epoch: [9][60/200]	Time 0.747s (0.800s)	Speed 42.9 samples/s	Data 0.001s (0.056s)	Loss 0.01177 (0.01071)
2023-11-21 08:10:21,962 Epoch: [9][70/200]	Time 0.690s (0.788s)	Speed 46.4 samples/s	Data 0.002s (0.048s)	Loss 0.01070 (0.01071)
2023-11-21 08:10:29,212 Epoch: [9][80/200]	Time 0.707s (0.780s)	Speed 45.3 samples/s	Data 0.001s (0.042s)	Loss 0.00782 (0.01074)
2023-11-21 08:10:36,820 Epoch: [9][90/200]	Time 0.801s (0.778s)	Speed 40.0 samples/s	Data 0.001s (0.038s)	Loss 0.01112 (0.01070)
2023-11-21 08:10:44,501 Epoch: [9][100/200]	Time 0.728s (0.777s)	Speed 43.9 samples/s	Data 0.001s (0.034s)	Loss 0.01559 (0.01076)
2023-11-21 08:10:51,619 Epoch: [9][110/200]	Time 0.707s (0.771s)	Speed 45.3 samples/s	Data 0.001s (0.031s)	Loss 0.01132 (0.01074)
2023-11-21 08:10:58,583 Epoch: [9][120/200]	Time 0.675s (0.765s)	Speed 47.4 samples/s	Data 0.002s (0.029s)	Loss 0.01013 (0.01067)
2023-11-21 08:11:05,364 Epoch: [9][130/200]	Time 0.699s (0.758s)	Speed 45.8 samples/s	Data 0.001s (0.027s)	Loss 0.00925 (0.01077)
2023-11-21 08:11:12,169 Epoch: [9][140/200]	Time 0.670s (0.753s)	Speed 47.8 samples/s	Data 0.001s (0.025s)	Loss 0.01141 (0.01079)
2023-11-21 08:11:19,076 Epoch: [9][150/200]	Time 0.694s (0.749s)	Speed 46.1 samples/s	Data 0.001s (0.023s)	Loss 0.00873 (0.01078)
2023-11-21 08:11:26,334 Epoch: [9][160/200]	Time 0.845s (0.747s)	Speed 37.9 samples/s	Data 0.001s (0.022s)	Loss 0.01182 (0.01078)
2023-11-21 08:11:33,996 Epoch: [9][170/200]	Time 0.727s (0.748s)	Speed 44.0 samples/s	Data 0.001s (0.021s)	Loss 0.01075 (0.01073)
2023-11-21 08:11:41,154 Epoch: [9][180/200]	Time 0.698s (0.746s)	Speed 45.9 samples/s	Data 0.001s (0.020s)	Loss 0.01016 (0.01073)
2023-11-21 08:11:48,156 Epoch: [9][190/200]	Time 0.716s (0.744s)	Speed 44.7 samples/s	Data 0.001s (0.019s)	Loss 0.00809 (0.01069)
2023-11-21 08:12:17,462 Test: [0/200]	Time 3.060 (3.060)	Loss 0.0705 (0.0705)
2023-11-21 08:12:17,882 Test: [10/200]	Time 0.040 (0.316)	Loss 0.0277 (0.0513)
2023-11-21 08:12:18,289 Test: [20/200]	Time 0.039 (0.185)	Loss 0.0260 (0.0523)
2023-11-21 08:12:18,716 Test: [30/200]	Time 0.043 (0.139)	Loss 0.0724 (0.0574)
2023-11-21 08:12:19,136 Test: [40/200]	Time 0.040 (0.115)	Loss 0.0433 (0.0602)
2023-11-21 08:12:19,556 Test: [50/200]	Time 0.040 (0.101)	Loss 0.1049 (0.0607)
2023-11-21 08:12:19,976 Test: [60/200]	Time 0.041 (0.091)	Loss 0.0962 (0.0622)
2023-11-21 08:12:20,399 Test: [70/200]	Time 0.042 (0.084)	Loss 0.0486 (0.0624)
2023-11-21 08:12:20,820 Test: [80/200]	Time 0.041 (0.079)	Loss 0.0801 (0.0614)
2023-11-21 08:12:21,252 Test: [90/200]	Time 0.042 (0.075)	Loss 0.0835 (0.0629)
2023-11-21 08:12:21,685 Test: [100/200]	Time 0.042 (0.072)	Loss 0.0867 (0.0620)
2023-11-21 08:12:22,121 Test: [110/200]	Time 0.042 (0.070)	Loss 0.1473 (0.0629)
2023-11-21 08:12:22,630 Test: [120/200]	Time 0.042 (0.068)	Loss 0.0605 (0.0616)
2023-11-21 08:12:23,067 Test: [130/200]	Time 0.044 (0.066)	Loss 0.0580 (0.0622)
2023-11-21 08:12:23,498 Test: [140/200]	Time 0.045 (0.065)	Loss 0.0716 (0.0617)
2023-11-21 08:12:23,955 Test: [150/200]	Time 0.043 (0.063)	Loss 0.0559 (0.0609)
2023-11-21 08:12:24,452 Test: [160/200]	Time 0.050 (0.062)	Loss 0.0828 (0.0615)
2023-11-21 08:12:24,919 Test: [170/200]	Time 0.045 (0.061)	Loss 0.0649 (0.0612)
2023-11-21 08:12:25,364 Test: [180/200]	Time 0.043 (0.061)	Loss 0.0412 (0.0610)
2023-11-21 08:12:25,822 Test: [190/200]	Time 0.051 (0.060)	Loss 0.0260 (0.0610)
2023-11-21 08:12:32,340 Mean IoU score: 0.852
2023-11-21 08:12:32,346 => saving checkpoint to out
2023-11-21 08:12:36,315 Epoch: [10][0/200]	Time 3.936s (3.936s)	Speed 8.1 samples/s	Data 3.212s (3.212s)	Loss 0.00817 (0.00817)
2023-11-21 08:12:43,255 Epoch: [10][10/200]	Time 0.683s (0.989s)	Speed 46.8 samples/s	Data 0.001s (0.293s)	Loss 0.00849 (0.00955)
2023-11-21 08:12:50,161 Epoch: [10][20/200]	Time 0.687s (0.847s)	Speed 46.5 samples/s	Data 0.001s (0.154s)	Loss 0.01297 (0.00943)
2023-11-21 08:12:57,222 Epoch: [10][30/200]	Time 0.703s (0.801s)	Speed 45.5 samples/s	Data 0.001s (0.105s)	Loss 0.01201 (0.01024)
2023-11-21 08:13:04,077 Epoch: [10][40/200]	Time 0.586s (0.773s)	Speed 54.6 samples/s	Data 0.001s (0.079s)	Loss 0.00873 (0.01059)
2023-11-21 08:13:09,835 Epoch: [10][50/200]	Time 0.578s (0.734s)	Speed 55.4 samples/s	Data 0.001s (0.064s)	Loss 0.01439 (0.01068)
2023-11-21 08:13:15,599 Epoch: [10][60/200]	Time 0.554s (0.709s)	Speed 57.8 samples/s	Data 0.001s (0.054s)	Loss 0.01527 (0.01086)
2023-11-21 08:13:21,155 Epoch: [10][70/200]	Time 0.550s (0.687s)	Speed 58.1 samples/s	Data 0.001s (0.046s)	Loss 0.00957 (0.01098)
2023-11-21 08:13:26,737 Epoch: [10][80/200]	Time 0.556s (0.671s)	Speed 57.6 samples/s	Data 0.001s (0.041s)	Loss 0.01535 (0.01127)
2023-11-21 08:13:32,330 Epoch: [10][90/200]	Time 0.562s (0.659s)	Speed 56.9 samples/s	Data 0.001s (0.036s)	Loss 0.01101 (0.01194)
2023-11-21 08:13:37,987 Epoch: [10][100/200]	Time 0.569s (0.650s)	Speed 56.2 samples/s	Data 0.001s (0.033s)	Loss 0.01246 (0.01246)
2023-11-21 08:13:43,704 Epoch: [10][110/200]	Time 0.554s (0.643s)	Speed 57.7 samples/s	Data 0.001s (0.030s)	Loss 0.01130 (0.01265)
2023-11-21 08:13:49,270 Epoch: [10][120/200]	Time 0.559s (0.635s)	Speed 57.2 samples/s	Data 0.001s (0.027s)	Loss 0.01637 (0.01319)
2023-11-21 08:13:54,813 Epoch: [10][130/200]	Time 0.554s (0.629s)	Speed 57.8 samples/s	Data 0.001s (0.025s)	Loss 0.01814 (0.01350)
2023-11-21 08:14:00,336 Epoch: [10][140/200]	Time 0.552s (0.624s)	Speed 58.0 samples/s	Data 0.001s (0.024s)	Loss 0.01574 (0.01371)
2023-11-21 08:14:05,907 Epoch: [10][150/200]	Time 0.550s (0.619s)	Speed 58.2 samples/s	Data 0.001s (0.022s)	Loss 0.01843 (0.01397)
2023-11-21 08:14:11,422 Epoch: [10][160/200]	Time 0.552s (0.615s)	Speed 58.0 samples/s	Data 0.001s (0.021s)	Loss 0.01294 (0.01413)
2023-11-21 08:14:16,988 Epoch: [10][170/200]	Time 0.548s (0.612s)	Speed 58.4 samples/s	Data 0.001s (0.020s)	Loss 0.01994 (0.01442)
2023-11-21 08:14:22,507 Epoch: [10][180/200]	Time 0.550s (0.608s)	Speed 58.1 samples/s	Data 0.001s (0.019s)	Loss 0.01667 (0.01449)
2023-11-21 08:14:28,066 Epoch: [10][190/200]	Time 0.558s (0.606s)	Speed 57.3 samples/s	Data 0.001s (0.018s)	Loss 0.01977 (0.01467)
2023-11-21 08:14:56,022 Test: [0/200]	Time 3.002 (3.002)	Loss 0.1363 (0.1363)
2023-11-21 08:14:56,361 Test: [10/200]	Time 0.033 (0.304)	Loss 0.0188 (0.0976)
2023-11-21 08:14:56,702 Test: [20/200]	Time 0.033 (0.175)	Loss 0.0643 (0.1009)
2023-11-21 08:14:57,044 Test: [30/200]	Time 0.034 (0.130)	Loss 0.2007 (0.1058)
2023-11-21 08:14:57,389 Test: [40/200]	Time 0.033 (0.107)	Loss 0.1093 (0.1105)
2023-11-21 08:14:57,728 Test: [50/200]	Time 0.034 (0.092)	Loss 0.1695 (0.1104)
2023-11-21 08:14:58,078 Test: [60/200]	Time 0.033 (0.083)	Loss 0.1483 (0.1142)
2023-11-21 08:14:58,416 Test: [70/200]	Time 0.033 (0.076)	Loss 0.1275 (0.1145)
2023-11-21 08:14:58,754 Test: [80/200]	Time 0.033 (0.071)	Loss 0.0740 (0.1123)
2023-11-21 08:14:59,094 Test: [90/200]	Time 0.033 (0.067)	Loss 0.1273 (0.1142)
2023-11-21 08:14:59,482 Test: [100/200]	Time 0.033 (0.064)	Loss 0.1544 (0.1149)
2023-11-21 08:14:59,821 Test: [110/200]	Time 0.033 (0.061)	Loss 0.2829 (0.1177)
2023-11-21 08:15:00,161 Test: [120/200]	Time 0.033 (0.059)	Loss 0.1227 (0.1161)
2023-11-21 08:15:00,504 Test: [130/200]	Time 0.033 (0.057)	Loss 0.1147 (0.1176)
2023-11-21 08:15:00,845 Test: [140/200]	Time 0.033 (0.055)	Loss 0.0896 (0.1154)
2023-11-21 08:15:01,185 Test: [150/200]	Time 0.033 (0.054)	Loss 0.1232 (0.1149)
2023-11-21 08:15:01,527 Test: [160/200]	Time 0.033 (0.053)	Loss 0.1413 (0.1152)
2023-11-21 08:15:01,869 Test: [170/200]	Time 0.034 (0.052)	Loss 0.1015 (0.1148)
2023-11-21 08:15:02,213 Test: [180/200]	Time 0.033 (0.051)	Loss 0.0783 (0.1137)
2023-11-21 08:15:02,553 Test: [190/200]	Time 0.033 (0.050)	Loss 0.0637 (0.1138)
2023-11-21 08:15:08,853 Mean IoU score: 0.735
2023-11-21 08:15:08,860 => saving checkpoint to out
2023-11-21 08:15:12,302 Epoch: [11][0/200]	Time 3.414s (3.414s)	Speed 9.4 samples/s	Data 2.795s (2.795s)	Loss 0.01600 (0.01600)
2023-11-21 08:15:18,087 Epoch: [11][10/200]	Time 0.592s (0.836s)	Speed 54.1 samples/s	Data 0.001s (0.255s)	Loss 0.01405 (0.01422)
2023-11-21 08:15:23,742 Epoch: [11][20/200]	Time 0.601s (0.707s)	Speed 53.2 samples/s	Data 0.001s (0.134s)	Loss 0.01517 (0.01368)
2023-11-21 08:15:29,382 Epoch: [11][30/200]	Time 0.560s (0.661s)	Speed 57.2 samples/s	Data 0.001s (0.091s)	Loss 0.01189 (0.01351)
2023-11-21 08:15:34,943 Epoch: [11][40/200]	Time 0.552s (0.635s)	Speed 58.0 samples/s	Data 0.001s (0.069s)	Loss 0.01926 (0.01376)
2023-11-21 08:15:40,587 Epoch: [11][50/200]	Time 0.559s (0.622s)	Speed 57.3 samples/s	Data 0.001s (0.056s)	Loss 0.01283 (0.01383)
2023-11-21 08:15:46,195 Epoch: [11][60/200]	Time 0.561s (0.612s)	Speed 57.1 samples/s	Data 0.001s (0.047s)	Loss 0.01855 (0.01394)
2023-11-21 08:15:51,820 Epoch: [11][70/200]	Time 0.560s (0.605s)	Speed 57.2 samples/s	Data 0.001s (0.040s)	Loss 0.01395 (0.01377)
2023-11-21 08:15:57,421 Epoch: [11][80/200]	Time 0.558s (0.599s)	Speed 57.3 samples/s	Data 0.001s (0.035s)	Loss 0.01288 (0.01367)
2023-11-21 08:16:03,105 Epoch: [11][90/200]	Time 0.569s (0.596s)	Speed 56.3 samples/s	Data 0.001s (0.031s)	Loss 0.01312 (0.01345)
2023-11-21 08:16:08,997 Epoch: [11][100/200]	Time 0.604s (0.595s)	Speed 52.9 samples/s	Data 0.001s (0.028s)	Loss 0.01247 (0.01331)
2023-11-21 08:16:14,647 Epoch: [11][110/200]	Time 0.559s (0.592s)	Speed 57.3 samples/s	Data 0.001s (0.026s)	Loss 0.01754 (0.01330)
2023-11-21 08:16:20,243 Epoch: [11][120/200]	Time 0.553s (0.590s)	Speed 57.8 samples/s	Data 0.001s (0.024s)	Loss 0.01627 (0.01337)
2023-11-21 08:16:25,857 Epoch: [11][130/200]	Time 0.577s (0.588s)	Speed 55.5 samples/s	Data 0.001s (0.022s)	Loss 0.01507 (0.01355)
2023-11-21 08:16:31,490 Epoch: [11][140/200]	Time 0.558s (0.586s)	Speed 57.4 samples/s	Data 0.001s (0.021s)	Loss 0.02248 (0.01386)
2023-11-21 08:16:37,180 Epoch: [11][150/200]	Time 0.553s (0.585s)	Speed 57.8 samples/s	Data 0.001s (0.019s)	Loss 0.01709 (0.01398)
2023-11-21 08:16:42,908 Epoch: [11][160/200]	Time 0.555s (0.584s)	Speed 57.6 samples/s	Data 0.001s (0.018s)	Loss 0.01612 (0.01404)
2023-11-21 08:16:48,548 Epoch: [11][170/200]	Time 0.560s (0.583s)	Speed 57.2 samples/s	Data 0.001s (0.017s)	Loss 0.01493 (0.01414)
2023-11-21 08:16:54,182 Epoch: [11][180/200]	Time 0.591s (0.582s)	Speed 54.1 samples/s	Data 0.001s (0.016s)	Loss 0.01169 (0.01417)
2023-11-21 08:16:59,780 Epoch: [11][190/200]	Time 0.555s (0.581s)	Speed 57.7 samples/s	Data 0.001s (0.015s)	Loss 0.01204 (0.01414)
2023-11-21 08:17:27,873 Test: [0/200]	Time 3.004 (3.004)	Loss 0.0637 (0.0637)
2023-11-21 08:17:28,222 Test: [10/200]	Time 0.033 (0.305)	Loss 0.0100 (0.0592)
2023-11-21 08:17:28,563 Test: [20/200]	Time 0.033 (0.176)	Loss 0.0342 (0.0596)
2023-11-21 08:17:28,903 Test: [30/200]	Time 0.034 (0.130)	Loss 0.0661 (0.0656)
2023-11-21 08:17:29,251 Test: [40/200]	Time 0.035 (0.107)	Loss 0.0582 (0.0668)
2023-11-21 08:17:29,600 Test: [50/200]	Time 0.033 (0.093)	Loss 0.0989 (0.0658)
2023-11-21 08:17:29,941 Test: [60/200]	Time 0.033 (0.083)	Loss 0.0852 (0.0674)
2023-11-21 08:17:30,281 Test: [70/200]	Time 0.034 (0.076)	Loss 0.0711 (0.0688)
2023-11-21 08:17:30,623 Test: [80/200]	Time 0.034 (0.071)	Loss 0.0703 (0.0674)
2023-11-21 08:17:30,965 Test: [90/200]	Time 0.033 (0.067)	Loss 0.0787 (0.0682)
2023-11-21 08:17:31,306 Test: [100/200]	Time 0.034 (0.064)	Loss 0.0856 (0.0676)
2023-11-21 08:17:31,647 Test: [110/200]	Time 0.033 (0.061)	Loss 0.1732 (0.0686)
2023-11-21 08:17:31,986 Test: [120/200]	Time 0.033 (0.059)	Loss 0.0708 (0.0678)
2023-11-21 08:17:32,329 Test: [130/200]	Time 0.033 (0.057)	Loss 0.0655 (0.0685)
2023-11-21 08:17:32,667 Test: [140/200]	Time 0.033 (0.055)	Loss 0.0618 (0.0676)
2023-11-21 08:17:33,009 Test: [150/200]	Time 0.033 (0.054)	Loss 0.0601 (0.0667)
2023-11-21 08:17:33,348 Test: [160/200]	Time 0.033 (0.053)	Loss 0.0784 (0.0670)
2023-11-21 08:17:33,690 Test: [170/200]	Time 0.033 (0.052)	Loss 0.0652 (0.0664)
2023-11-21 08:17:34,035 Test: [180/200]	Time 0.033 (0.051)	Loss 0.0405 (0.0662)
2023-11-21 08:17:34,374 Test: [190/200]	Time 0.033 (0.050)	Loss 0.0231 (0.0665)
2023-11-21 08:17:40,706 Mean IoU score: 0.837
2023-11-21 08:17:40,713 => saving checkpoint to out
2023-11-21 08:17:43,845 Epoch: [12][0/200]	Time 3.105s (3.105s)	Speed 10.3 samples/s	Data 2.496s (2.496s)	Loss 0.01691 (0.01691)
2023-11-21 08:17:49,280 Epoch: [12][10/200]	Time 0.544s (0.776s)	Speed 58.8 samples/s	Data 0.001s (0.228s)	Loss 0.01351 (0.01399)
2023-11-21 08:17:54,833 Epoch: [12][20/200]	Time 0.561s (0.671s)	Speed 57.1 samples/s	Data 0.001s (0.120s)	Loss 0.01388 (0.01266)
2023-11-21 08:18:00,493 Epoch: [12][30/200]	Time 0.565s (0.637s)	Speed 56.7 samples/s	Data 0.001s (0.081s)	Loss 0.01211 (0.01228)
2023-11-21 08:18:06,300 Epoch: [12][40/200]	Time 0.576s (0.623s)	Speed 55.6 samples/s	Data 0.001s (0.062s)	Loss 0.01081 (0.01202)
2023-11-21 08:18:11,943 Epoch: [12][50/200]	Time 0.553s (0.612s)	Speed 57.9 samples/s	Data 0.001s (0.050s)	Loss 0.01038 (0.01166)
2023-11-21 08:18:17,502 Epoch: [12][60/200]	Time 0.558s (0.603s)	Speed 57.4 samples/s	Data 0.001s (0.042s)	Loss 0.00760 (0.01150)
2023-11-21 08:18:23,104 Epoch: [12][70/200]	Time 0.561s (0.597s)	Speed 57.1 samples/s	Data 0.001s (0.036s)	Loss 0.01223 (0.01129)
2023-11-21 08:18:28,680 Epoch: [12][80/200]	Time 0.553s (0.592s)	Speed 57.9 samples/s	Data 0.001s (0.032s)	Loss 0.01127 (0.01126)
2023-11-21 08:18:34,291 Epoch: [12][90/200]	Time 0.561s (0.588s)	Speed 57.1 samples/s	Data 0.001s (0.028s)	Loss 0.00854 (0.01118)
2023-11-21 08:18:39,887 Epoch: [12][100/200]	Time 0.559s (0.586s)	Speed 57.3 samples/s	Data 0.001s (0.026s)	Loss 0.01024 (0.01108)
2023-11-21 08:18:45,467 Epoch: [12][110/200]	Time 0.555s (0.583s)	Speed 57.7 samples/s	Data 0.001s (0.023s)	Loss 0.00919 (0.01105)
2023-11-21 08:18:51,128 Epoch: [12][120/200]	Time 0.579s (0.582s)	Speed 55.3 samples/s	Data 0.001s (0.022s)	Loss 0.00910 (0.01096)
2023-11-21 08:18:57,168 Epoch: [12][130/200]	Time 0.605s (0.583s)	Speed 52.9 samples/s	Data 0.001s (0.020s)	Loss 0.01017 (0.01091)
2023-11-21 08:19:02,771 Epoch: [12][140/200]	Time 0.555s (0.582s)	Speed 57.6 samples/s	Data 0.001s (0.019s)	Loss 0.01120 (0.01088)
2023-11-21 08:19:08,327 Epoch: [12][150/200]	Time 0.555s (0.580s)	Speed 57.6 samples/s	Data 0.001s (0.017s)	Loss 0.01037 (0.01084)
2023-11-21 08:19:13,944 Epoch: [12][160/200]	Time 0.561s (0.579s)	Speed 57.0 samples/s	Data 0.001s (0.016s)	Loss 0.01227 (0.01078)
2023-11-21 08:19:19,515 Epoch: [12][170/200]	Time 0.561s (0.578s)	Speed 57.1 samples/s	Data 0.001s (0.015s)	Loss 0.00860 (0.01075)
2023-11-21 08:19:25,113 Epoch: [12][180/200]	Time 0.557s (0.577s)	Speed 57.5 samples/s	Data 0.001s (0.015s)	Loss 0.00871 (0.01069)
2023-11-21 08:19:30,729 Epoch: [12][190/200]	Time 0.557s (0.576s)	Speed 57.5 samples/s	Data 0.001s (0.014s)	Loss 0.00958 (0.01064)
2023-11-21 08:19:58,864 Test: [0/200]	Time 3.076 (3.076)	Loss 0.0786 (0.0786)
2023-11-21 08:19:59,213 Test: [10/200]	Time 0.033 (0.311)	Loss 0.0075 (0.0610)
2023-11-21 08:19:59,554 Test: [20/200]	Time 0.033 (0.179)	Loss 0.0548 (0.0608)
2023-11-21 08:19:59,894 Test: [30/200]	Time 0.034 (0.132)	Loss 0.0845 (0.0681)
2023-11-21 08:20:00,240 Test: [40/200]	Time 0.033 (0.109)	Loss 0.0514 (0.0688)
2023-11-21 08:20:00,580 Test: [50/200]	Time 0.033 (0.094)	Loss 0.0954 (0.0687)
2023-11-21 08:20:00,932 Test: [60/200]	Time 0.034 (0.084)	Loss 0.0937 (0.0711)
2023-11-21 08:20:01,274 Test: [70/200]	Time 0.034 (0.077)	Loss 0.0543 (0.0712)
2023-11-21 08:20:01,614 Test: [80/200]	Time 0.033 (0.072)	Loss 0.0912 (0.0698)
2023-11-21 08:20:01,952 Test: [90/200]	Time 0.033 (0.068)	Loss 0.0932 (0.0708)
2023-11-21 08:20:02,292 Test: [100/200]	Time 0.033 (0.064)	Loss 0.1031 (0.0702)
2023-11-21 08:20:02,633 Test: [110/200]	Time 0.033 (0.062)	Loss 0.1437 (0.0707)
2023-11-21 08:20:02,974 Test: [120/200]	Time 0.034 (0.059)	Loss 0.0841 (0.0694)
2023-11-21 08:20:03,314 Test: [130/200]	Time 0.033 (0.057)	Loss 0.0586 (0.0698)
2023-11-21 08:20:03,652 Test: [140/200]	Time 0.033 (0.056)	Loss 0.0675 (0.0689)
2023-11-21 08:20:03,993 Test: [150/200]	Time 0.033 (0.054)	Loss 0.0824 (0.0679)
2023-11-21 08:20:04,335 Test: [160/200]	Time 0.033 (0.053)	Loss 0.1077 (0.0681)
2023-11-21 08:20:04,675 Test: [170/200]	Time 0.033 (0.052)	Loss 0.0705 (0.0675)
2023-11-21 08:20:05,016 Test: [180/200]	Time 0.034 (0.051)	Loss 0.0430 (0.0672)
2023-11-21 08:20:05,358 Test: [190/200]	Time 0.033 (0.050)	Loss 0.0228 (0.0672)
2023-11-21 08:20:11,695 Mean IoU score: 0.840
2023-11-21 08:20:11,701 => saving checkpoint to out
2023-11-21 08:20:14,789 Epoch: [13][0/200]	Time 3.057s (3.057s)	Speed 10.5 samples/s	Data 2.464s (2.464s)	Loss 0.00698 (0.00698)
2023-11-21 08:20:20,206 Epoch: [13][10/200]	Time 0.542s (0.770s)	Speed 59.1 samples/s	Data 0.001s (0.225s)	Loss 0.00843 (0.01045)
2023-11-21 08:20:25,788 Epoch: [13][20/200]	Time 0.556s (0.669s)	Speed 57.6 samples/s	Data 0.001s (0.118s)	Loss 0.00721 (0.01032)
2023-11-21 08:20:31,465 Epoch: [13][30/200]	Time 0.593s (0.637s)	Speed 53.9 samples/s	Data 0.001s (0.080s)	Loss 0.00914 (0.01033)
2023-11-21 08:20:37,095 Epoch: [13][40/200]	Time 0.543s (0.619s)	Speed 58.9 samples/s	Data 0.001s (0.061s)	Loss 0.01065 (0.01016)
2023-11-21 08:20:42,567 Epoch: [13][50/200]	Time 0.547s (0.605s)	Speed 58.5 samples/s	Data 0.001s (0.049s)	Loss 0.01066 (0.01000)
2023-11-21 08:20:48,055 Epoch: [13][60/200]	Time 0.554s (0.595s)	Speed 57.8 samples/s	Data 0.001s (0.041s)	Loss 0.01116 (0.00991)
2023-11-21 08:20:53,593 Epoch: [13][70/200]	Time 0.549s (0.590s)	Speed 58.3 samples/s	Data 0.001s (0.035s)	Loss 0.01057 (0.00976)
2023-11-21 08:20:59,173 Epoch: [13][80/200]	Time 0.556s (0.586s)	Speed 57.6 samples/s	Data 0.001s (0.031s)	Loss 0.01011 (0.00973)
2023-11-21 08:21:05,145 Epoch: [13][90/200]	Time 0.590s (0.587s)	Speed 54.3 samples/s	Data 0.001s (0.028s)	Loss 0.01129 (0.00972)
2023-11-21 08:21:10,696 Epoch: [13][100/200]	Time 0.559s (0.584s)	Speed 57.3 samples/s	Data 0.001s (0.025s)	Loss 0.00653 (0.00967)
2023-11-21 08:21:16,228 Epoch: [13][110/200]	Time 0.555s (0.581s)	Speed 57.6 samples/s	Data 0.001s (0.023s)	Loss 0.00985 (0.00967)
2023-11-21 08:21:21,766 Epoch: [13][120/200]	Time 0.556s (0.579s)	Speed 57.6 samples/s	Data 0.001s (0.021s)	Loss 0.00908 (0.00962)
2023-11-21 08:21:27,309 Epoch: [13][130/200]	Time 0.549s (0.577s)	Speed 58.3 samples/s	Data 0.001s (0.020s)	Loss 0.01059 (0.00958)
2023-11-21 08:21:32,866 Epoch: [13][140/200]	Time 0.559s (0.575s)	Speed 57.2 samples/s	Data 0.001s (0.018s)	Loss 0.01010 (0.00956)
2023-11-21 08:21:38,407 Epoch: [13][150/200]	Time 0.558s (0.574s)	Speed 57.3 samples/s	Data 0.001s (0.017s)	Loss 0.00791 (0.00949)
2023-11-21 08:21:43,994 Epoch: [13][160/200]	Time 0.551s (0.573s)	Speed 58.0 samples/s	Data 0.001s (0.016s)	Loss 0.00979 (0.00946)
2023-11-21 08:21:49,562 Epoch: [13][170/200]	Time 0.555s (0.572s)	Speed 57.7 samples/s	Data 0.001s (0.015s)	Loss 0.01110 (0.00946)
2023-11-21 08:21:55,139 Epoch: [13][180/200]	Time 0.555s (0.571s)	Speed 57.6 samples/s	Data 0.001s (0.014s)	Loss 0.00900 (0.00942)
2023-11-21 08:22:00,723 Epoch: [13][190/200]	Time 0.558s (0.571s)	Speed 57.3 samples/s	Data 0.001s (0.014s)	Loss 0.00825 (0.00939)
2023-11-21 08:22:28,948 Test: [0/200]	Time 3.146 (3.146)	Loss 0.0569 (0.0569)
2023-11-21 08:22:29,297 Test: [10/200]	Time 0.033 (0.318)	Loss 0.0102 (0.0532)
2023-11-21 08:22:29,636 Test: [20/200]	Time 0.033 (0.183)	Loss 0.0284 (0.0507)
2023-11-21 08:22:29,975 Test: [30/200]	Time 0.034 (0.135)	Loss 0.0672 (0.0559)
2023-11-21 08:22:30,318 Test: [40/200]	Time 0.033 (0.110)	Loss 0.0388 (0.0563)
2023-11-21 08:22:30,658 Test: [50/200]	Time 0.033 (0.095)	Loss 0.0765 (0.0567)
2023-11-21 08:22:31,005 Test: [60/200]	Time 0.034 (0.085)	Loss 0.1032 (0.0591)
2023-11-21 08:22:31,356 Test: [70/200]	Time 0.034 (0.078)	Loss 0.0396 (0.0595)
2023-11-21 08:22:31,703 Test: [80/200]	Time 0.034 (0.073)	Loss 0.0627 (0.0583)
2023-11-21 08:22:32,053 Test: [90/200]	Time 0.034 (0.069)	Loss 0.0731 (0.0591)
2023-11-21 08:22:32,413 Test: [100/200]	Time 0.034 (0.065)	Loss 0.0923 (0.0587)
2023-11-21 08:22:32,763 Test: [110/200]	Time 0.034 (0.063)	Loss 0.1447 (0.0595)
2023-11-21 08:22:33,112 Test: [120/200]	Time 0.034 (0.060)	Loss 0.0598 (0.0580)
2023-11-21 08:22:33,461 Test: [130/200]	Time 0.034 (0.058)	Loss 0.0448 (0.0585)
2023-11-21 08:22:33,810 Test: [140/200]	Time 0.035 (0.057)	Loss 0.0605 (0.0581)
2023-11-21 08:22:34,160 Test: [150/200]	Time 0.034 (0.055)	Loss 0.0641 (0.0571)
2023-11-21 08:22:34,505 Test: [160/200]	Time 0.034 (0.054)	Loss 0.0882 (0.0572)
2023-11-21 08:22:34,854 Test: [170/200]	Time 0.034 (0.053)	Loss 0.0632 (0.0570)
2023-11-21 08:22:35,212 Test: [180/200]	Time 0.034 (0.052)	Loss 0.0404 (0.0569)
2023-11-21 08:22:35,562 Test: [190/200]	Time 0.034 (0.051)	Loss 0.0217 (0.0568)
2023-11-21 08:22:41,884 Mean IoU score: 0.864
2023-11-21 08:22:41,891 => saving checkpoint to out
2023-11-21 08:22:45,197 Epoch: [14][0/200]	Time 3.261s (3.261s)	Speed 9.8 samples/s	Data 2.612s (2.612s)	Loss 0.00688 (0.00688)
2023-11-21 08:22:50,758 Epoch: [14][10/200]	Time 0.555s (0.802s)	Speed 57.6 samples/s	Data 0.001s (0.238s)	Loss 0.00682 (0.00796)
2023-11-21 08:22:56,413 Epoch: [14][20/200]	Time 0.563s (0.689s)	Speed 56.9 samples/s	Data 0.001s (0.125s)	Loss 0.00837 (0.00805)
2023-11-21 08:23:01,961 Epoch: [14][30/200]	Time 0.555s (0.646s)	Speed 57.7 samples/s	Data 0.001s (0.085s)	Loss 0.00785 (0.00789)
2023-11-21 08:23:07,546 Epoch: [14][40/200]	Time 0.559s (0.625s)	Speed 57.2 samples/s	Data 0.001s (0.064s)	Loss 0.00680 (0.00807)
2023-11-21 08:23:13,155 Epoch: [14][50/200]	Time 0.559s (0.612s)	Speed 57.2 samples/s	Data 0.001s (0.052s)	Loss 0.00956 (0.00819)
2023-11-21 08:23:18,745 Epoch: [14][60/200]	Time 0.559s (0.603s)	Speed 57.3 samples/s	Data 0.001s (0.044s)	Loss 0.00684 (0.00811)
2023-11-21 08:23:24,436 Epoch: [14][70/200]	Time 0.595s (0.599s)	Speed 53.7 samples/s	Data 0.001s (0.038s)	Loss 0.00773 (0.00816)
2023-11-21 08:23:30,263 Epoch: [14][80/200]	Time 0.592s (0.597s)	Speed 54.1 samples/s	Data 0.001s (0.033s)	Loss 0.01002 (0.00812)
2023-11-21 08:23:36,148 Epoch: [14][90/200]	Time 0.557s (0.596s)	Speed 57.5 samples/s	Data 0.001s (0.029s)	Loss 0.00916 (0.00825)
2023-11-21 08:23:41,755 Epoch: [14][100/200]	Time 0.565s (0.592s)	Speed 56.6 samples/s	Data 0.001s (0.027s)	Loss 0.01071 (0.00828)
2023-11-21 08:23:47,389 Epoch: [14][110/200]	Time 0.559s (0.590s)	Speed 57.2 samples/s	Data 0.002s (0.024s)	Loss 0.00668 (0.00835)
2023-11-21 08:23:53,018 Epoch: [14][120/200]	Time 0.570s (0.587s)	Speed 56.1 samples/s	Data 0.001s (0.022s)	Loss 0.00823 (0.00834)
2023-11-21 08:23:58,730 Epoch: [14][130/200]	Time 0.561s (0.586s)	Speed 57.0 samples/s	Data 0.001s (0.021s)	Loss 0.00751 (0.00832)
2023-11-21 08:24:04,343 Epoch: [14][140/200]	Time 0.557s (0.584s)	Speed 57.5 samples/s	Data 0.001s (0.019s)	Loss 0.00613 (0.00832)
2023-11-21 08:24:09,957 Epoch: [14][150/200]	Time 0.562s (0.583s)	Speed 57.0 samples/s	Data 0.001s (0.018s)	Loss 0.00813 (0.00829)
2023-11-21 08:24:15,595 Epoch: [14][160/200]	Time 0.562s (0.582s)	Speed 57.0 samples/s	Data 0.001s (0.017s)	Loss 0.00709 (0.00829)
2023-11-21 08:24:21,195 Epoch: [14][170/200]	Time 0.556s (0.580s)	Speed 57.5 samples/s	Data 0.001s (0.016s)	Loss 0.00872 (0.00830)
2023-11-21 08:24:26,824 Epoch: [14][180/200]	Time 0.561s (0.579s)	Speed 57.1 samples/s	Data 0.001s (0.015s)	Loss 0.00853 (0.00826)
2023-11-21 08:24:32,488 Epoch: [14][190/200]	Time 0.566s (0.579s)	Speed 56.5 samples/s	Data 0.001s (0.014s)	Loss 0.00839 (0.00826)
2023-11-21 08:25:01,026 Test: [0/200]	Time 3.236 (3.236)	Loss 0.0593 (0.0593)
2023-11-21 08:25:01,371 Test: [10/200]	Time 0.033 (0.326)	Loss 0.0110 (0.0495)
2023-11-21 08:25:01,712 Test: [20/200]	Time 0.033 (0.187)	Loss 0.0261 (0.0487)
2023-11-21 08:25:02,055 Test: [30/200]	Time 0.034 (0.138)	Loss 0.0646 (0.0541)
2023-11-21 08:25:02,401 Test: [40/200]	Time 0.033 (0.112)	Loss 0.0449 (0.0554)
2023-11-21 08:25:02,742 Test: [50/200]	Time 0.034 (0.097)	Loss 0.0729 (0.0555)
2023-11-21 08:25:03,084 Test: [60/200]	Time 0.033 (0.087)	Loss 0.0844 (0.0566)
2023-11-21 08:25:03,425 Test: [70/200]	Time 0.033 (0.079)	Loss 0.0384 (0.0579)
2023-11-21 08:25:03,778 Test: [80/200]	Time 0.033 (0.074)	Loss 0.0670 (0.0568)
2023-11-21 08:25:04,121 Test: [90/200]	Time 0.034 (0.070)	Loss 0.0682 (0.0576)
2023-11-21 08:25:04,462 Test: [100/200]	Time 0.033 (0.066)	Loss 0.0817 (0.0571)
2023-11-21 08:25:04,804 Test: [110/200]	Time 0.034 (0.063)	Loss 0.1523 (0.0578)
2023-11-21 08:25:05,144 Test: [120/200]	Time 0.033 (0.061)	Loss 0.0568 (0.0566)
2023-11-21 08:25:05,485 Test: [130/200]	Time 0.033 (0.059)	Loss 0.0479 (0.0571)
2023-11-21 08:25:05,826 Test: [140/200]	Time 0.033 (0.057)	Loss 0.0498 (0.0564)
2023-11-21 08:25:06,167 Test: [150/200]	Time 0.033 (0.055)	Loss 0.0700 (0.0556)
2023-11-21 08:25:06,506 Test: [160/200]	Time 0.033 (0.054)	Loss 0.0748 (0.0558)
2023-11-21 08:25:06,846 Test: [170/200]	Time 0.033 (0.053)	Loss 0.0462 (0.0555)
2023-11-21 08:25:07,189 Test: [180/200]	Time 0.033 (0.052)	Loss 0.0254 (0.0555)
2023-11-21 08:25:07,529 Test: [190/200]	Time 0.033 (0.051)	Loss 0.0230 (0.0554)
2023-11-21 08:25:13,869 Mean IoU score: 0.867
2023-11-21 08:25:13,874 => saving checkpoint to out
2023-11-21 08:25:17,054 Epoch: [15][0/200]	Time 3.140s (3.140s)	Speed 10.2 samples/s	Data 2.508s (2.508s)	Loss 0.00610 (0.00610)
2023-11-21 08:25:22,647 Epoch: [15][10/200]	Time 0.564s (0.794s)	Speed 56.7 samples/s	Data 0.001s (0.229s)	Loss 0.00875 (0.00767)
2023-11-21 08:25:28,514 Epoch: [15][20/200]	Time 0.592s (0.695s)	Speed 54.1 samples/s	Data 0.001s (0.120s)	Loss 0.00698 (0.00752)
2023-11-21 08:25:34,196 Epoch: [15][30/200]	Time 0.567s (0.654s)	Speed 56.4 samples/s	Data 0.001s (0.082s)	Loss 0.00744 (0.00758)
2023-11-21 08:25:39,799 Epoch: [15][40/200]	Time 0.560s (0.631s)	Speed 57.1 samples/s	Data 0.001s (0.062s)	Loss 0.00859 (0.00751)
2023-11-21 08:25:45,384 Epoch: [15][50/200]	Time 0.558s (0.617s)	Speed 57.3 samples/s	Data 0.001s (0.050s)	Loss 0.00888 (0.00751)
2023-11-21 08:25:50,999 Epoch: [15][60/200]	Time 0.563s (0.608s)	Speed 56.9 samples/s	Data 0.001s (0.042s)	Loss 0.00701 (0.00758)
2023-11-21 08:25:56,704 Epoch: [15][70/200]	Time 0.572s (0.603s)	Speed 55.9 samples/s	Data 0.001s (0.036s)	Loss 0.00561 (0.00758)
2023-11-21 08:26:02,287 Epoch: [15][80/200]	Time 0.555s (0.597s)	Speed 57.6 samples/s	Data 0.001s (0.032s)	Loss 0.00735 (0.00756)
2023-11-21 08:26:07,881 Epoch: [15][90/200]	Time 0.562s (0.593s)	Speed 57.0 samples/s	Data 0.001s (0.028s)	Loss 0.00705 (0.00760)
2023-11-21 08:26:13,523 Epoch: [15][100/200]	Time 0.568s (0.590s)	Speed 56.4 samples/s	Data 0.001s (0.026s)	Loss 0.00915 (0.00766)
2023-11-21 08:26:19,335 Epoch: [15][110/200]	Time 0.590s (0.589s)	Speed 54.2 samples/s	Data 0.001s (0.023s)	Loss 0.00618 (0.00768)
2023-11-21 08:26:25,154 Epoch: [15][120/200]	Time 0.562s (0.589s)	Speed 56.9 samples/s	Data 0.001s (0.021s)	Loss 0.00829 (0.00768)
2023-11-21 08:26:30,770 Epoch: [15][130/200]	Time 0.554s (0.587s)	Speed 57.7 samples/s	Data 0.001s (0.020s)	Loss 0.00713 (0.00764)
2023-11-21 08:26:36,370 Epoch: [15][140/200]	Time 0.561s (0.585s)	Speed 57.0 samples/s	Data 0.001s (0.019s)	Loss 0.01155 (0.00767)
2023-11-21 08:26:42,032 Epoch: [15][150/200]	Time 0.585s (0.584s)	Speed 54.7 samples/s	Data 0.001s (0.017s)	Loss 0.01030 (0.00771)
2023-11-21 08:26:47,646 Epoch: [15][160/200]	Time 0.556s (0.582s)	Speed 57.5 samples/s	Data 0.001s (0.016s)	Loss 0.00771 (0.00772)
2023-11-21 08:26:53,316 Epoch: [15][170/200]	Time 0.563s (0.581s)	Speed 56.8 samples/s	Data 0.001s (0.015s)	Loss 0.00532 (0.00771)
2023-11-21 08:26:59,054 Epoch: [15][180/200]	Time 0.571s (0.581s)	Speed 56.0 samples/s	Data 0.001s (0.015s)	Loss 0.00643 (0.00767)
2023-11-21 08:27:04,869 Epoch: [15][190/200]	Time 0.595s (0.581s)	Speed 53.8 samples/s	Data 0.001s (0.014s)	Loss 0.00591 (0.00764)
2023-11-21 08:27:33,272 Test: [0/200]	Time 3.312 (3.312)	Loss 0.0536 (0.0536)
2023-11-21 08:27:33,621 Test: [10/200]	Time 0.033 (0.333)	Loss 0.0085 (0.0508)
2023-11-21 08:27:33,963 Test: [20/200]	Time 0.033 (0.191)	Loss 0.0225 (0.0484)
2023-11-21 08:27:34,305 Test: [30/200]	Time 0.035 (0.140)	Loss 0.0651 (0.0528)
2023-11-21 08:27:34,647 Test: [40/200]	Time 0.033 (0.114)	Loss 0.0434 (0.0549)
2023-11-21 08:27:34,985 Test: [50/200]	Time 0.033 (0.099)	Loss 0.0741 (0.0551)
2023-11-21 08:27:35,336 Test: [60/200]	Time 0.034 (0.088)	Loss 0.0950 (0.0566)
2023-11-21 08:27:35,674 Test: [70/200]	Time 0.033 (0.080)	Loss 0.0378 (0.0574)
2023-11-21 08:27:36,012 Test: [80/200]	Time 0.033 (0.075)	Loss 0.0707 (0.0565)
2023-11-21 08:27:36,352 Test: [90/200]	Time 0.033 (0.070)	Loss 0.0698 (0.0574)
2023-11-21 08:27:36,691 Test: [100/200]	Time 0.033 (0.067)	Loss 0.0875 (0.0572)
2023-11-21 08:27:37,031 Test: [110/200]	Time 0.033 (0.064)	Loss 0.1569 (0.0582)
2023-11-21 08:27:37,371 Test: [120/200]	Time 0.033 (0.061)	Loss 0.0615 (0.0568)
2023-11-21 08:27:37,708 Test: [130/200]	Time 0.033 (0.059)	Loss 0.0500 (0.0575)
2023-11-21 08:27:38,047 Test: [140/200]	Time 0.033 (0.057)	Loss 0.0525 (0.0568)
2023-11-21 08:27:38,385 Test: [150/200]	Time 0.033 (0.056)	Loss 0.0592 (0.0558)
2023-11-21 08:27:38,724 Test: [160/200]	Time 0.033 (0.054)	Loss 0.0781 (0.0559)
2023-11-21 08:27:39,063 Test: [170/200]	Time 0.033 (0.053)	Loss 0.0572 (0.0556)
2023-11-21 08:27:39,408 Test: [180/200]	Time 0.034 (0.052)	Loss 0.0297 (0.0555)
2023-11-21 08:27:39,790 Test: [190/200]	Time 0.034 (0.051)	Loss 0.0215 (0.0554)
2023-11-21 08:27:46,151 Mean IoU score: 0.869
2023-11-21 08:27:46,158 => saving checkpoint to out
2023-11-21 08:27:49,593 Epoch: [16][0/200]	Time 3.392s (3.392s)	Speed 9.4 samples/s	Data 2.726s (2.726s)	Loss 0.00622 (0.00622)
2023-11-21 08:27:55,265 Epoch: [16][10/200]	Time 0.577s (0.824s)	Speed 55.5 samples/s	Data 0.001s (0.249s)	Loss 0.00661 (0.00686)
2023-11-21 08:28:00,973 Epoch: [16][20/200]	Time 0.556s (0.703s)	Speed 57.6 samples/s	Data 0.001s (0.131s)	Loss 0.00738 (0.00724)
2023-11-21 08:28:06,585 Epoch: [16][30/200]	Time 0.556s (0.658s)	Speed 57.5 samples/s	Data 0.001s (0.089s)	Loss 0.00687 (0.00716)
2023-11-21 08:28:12,172 Epoch: [16][40/200]	Time 0.554s (0.633s)	Speed 57.7 samples/s	Data 0.001s (0.067s)	Loss 0.00743 (0.00710)
2023-11-21 08:28:17,743 Epoch: [16][50/200]	Time 0.553s (0.618s)	Speed 57.8 samples/s	Data 0.001s (0.054s)	Loss 0.00779 (0.00704)
2023-11-21 08:28:23,380 Epoch: [16][60/200]	Time 0.565s (0.610s)	Speed 56.6 samples/s	Data 0.001s (0.045s)	Loss 0.00813 (0.00705)
2023-11-21 08:28:29,291 Epoch: [16][70/200]	Time 0.588s (0.607s)	Speed 54.4 samples/s	Data 0.001s (0.039s)	Loss 0.00681 (0.00707)
2023-11-21 08:28:34,915 Epoch: [16][80/200]	Time 0.557s (0.601s)	Speed 57.4 samples/s	Data 0.001s (0.034s)	Loss 0.00465 (0.00699)
2023-11-21 08:28:40,503 Epoch: [16][90/200]	Time 0.563s (0.597s)	Speed 56.9 samples/s	Data 0.001s (0.031s)	Loss 0.00847 (0.00712)
2023-11-21 08:28:46,099 Epoch: [16][100/200]	Time 0.568s (0.593s)	Speed 56.3 samples/s	Data 0.001s (0.028s)	Loss 0.00853 (0.00717)
2023-11-21 08:28:51,725 Epoch: [16][110/200]	Time 0.560s (0.590s)	Speed 57.2 samples/s	Data 0.001s (0.025s)	Loss 0.00701 (0.00717)
2023-11-21 08:28:57,359 Epoch: [16][120/200]	Time 0.555s (0.588s)	Speed 57.7 samples/s	Data 0.001s (0.023s)	Loss 0.00859 (0.00720)
2023-11-21 08:29:02,922 Epoch: [16][130/200]	Time 0.555s (0.586s)	Speed 57.6 samples/s	Data 0.001s (0.022s)	Loss 0.00628 (0.00714)
2023-11-21 08:29:08,520 Epoch: [16][140/200]	Time 0.562s (0.584s)	Speed 56.9 samples/s	Data 0.001s (0.020s)	Loss 0.00815 (0.00713)
2023-11-21 08:29:14,135 Epoch: [16][150/200]	Time 0.561s (0.582s)	Speed 57.0 samples/s	Data 0.001s (0.019s)	Loss 0.00767 (0.00713)
2023-11-21 08:29:19,756 Epoch: [16][160/200]	Time 0.554s (0.581s)	Speed 57.7 samples/s	Data 0.001s (0.018s)	Loss 0.00639 (0.00713)
2023-11-21 08:29:25,406 Epoch: [16][170/200]	Time 0.561s (0.580s)	Speed 57.0 samples/s	Data 0.001s (0.017s)	Loss 0.00926 (0.00716)
2023-11-21 08:29:31,154 Epoch: [16][180/200]	Time 0.586s (0.580s)	Speed 54.6 samples/s	Data 0.001s (0.016s)	Loss 0.00629 (0.00712)
2023-11-21 08:29:36,930 Epoch: [16][190/200]	Time 0.569s (0.580s)	Speed 56.3 samples/s	Data 0.001s (0.015s)	Loss 0.00706 (0.00712)
2023-11-21 08:30:04,757 Test: [0/200]	Time 2.809 (2.809)	Loss 0.0609 (0.0609)
2023-11-21 08:30:05,111 Test: [10/200]	Time 0.034 (0.288)	Loss 0.0103 (0.0516)
2023-11-21 08:30:05,457 Test: [20/200]	Time 0.033 (0.167)	Loss 0.0259 (0.0494)
2023-11-21 08:30:05,801 Test: [30/200]	Time 0.035 (0.124)	Loss 0.0609 (0.0539)
2023-11-21 08:30:06,145 Test: [40/200]	Time 0.033 (0.102)	Loss 0.0518 (0.0560)
2023-11-21 08:30:06,483 Test: [50/200]	Time 0.033 (0.089)	Loss 0.0765 (0.0562)
2023-11-21 08:30:06,834 Test: [60/200]	Time 0.033 (0.080)	Loss 0.0848 (0.0573)
2023-11-21 08:30:07,179 Test: [70/200]	Time 0.033 (0.074)	Loss 0.0414 (0.0582)
2023-11-21 08:30:07,520 Test: [80/200]	Time 0.033 (0.069)	Loss 0.0642 (0.0572)
2023-11-21 08:30:07,861 Test: [90/200]	Time 0.033 (0.065)	Loss 0.0676 (0.0582)
2023-11-21 08:30:08,202 Test: [100/200]	Time 0.033 (0.062)	Loss 0.0859 (0.0576)
2023-11-21 08:30:08,544 Test: [110/200]	Time 0.033 (0.059)	Loss 0.1616 (0.0582)
2023-11-21 08:30:08,883 Test: [120/200]	Time 0.034 (0.057)	Loss 0.0529 (0.0568)
2023-11-21 08:30:09,224 Test: [130/200]	Time 0.033 (0.056)	Loss 0.0487 (0.0573)
2023-11-21 08:30:09,564 Test: [140/200]	Time 0.033 (0.054)	Loss 0.0548 (0.0567)
2023-11-21 08:30:09,904 Test: [150/200]	Time 0.033 (0.053)	Loss 0.0590 (0.0557)
2023-11-21 08:30:10,249 Test: [160/200]	Time 0.033 (0.052)	Loss 0.0844 (0.0560)
2023-11-21 08:30:10,591 Test: [170/200]	Time 0.034 (0.051)	Loss 0.0457 (0.0555)
2023-11-21 08:30:10,934 Test: [180/200]	Time 0.033 (0.050)	Loss 0.0312 (0.0555)
2023-11-21 08:30:11,274 Test: [190/200]	Time 0.033 (0.049)	Loss 0.0202 (0.0555)
2023-11-21 08:30:17,608 Mean IoU score: 0.870
2023-11-21 08:30:17,616 => saving checkpoint to out
2023-11-21 08:30:20,750 Epoch: [17][0/200]	Time 3.094s (3.094s)	Speed 10.3 samples/s	Data 2.491s (2.491s)	Loss 0.00672 (0.00672)
2023-11-21 08:30:26,355 Epoch: [17][10/200]	Time 0.577s (0.791s)	Speed 55.5 samples/s	Data 0.009s (0.228s)	Loss 0.00686 (0.00621)
2023-11-21 08:30:31,985 Epoch: [17][20/200]	Time 0.554s (0.682s)	Speed 57.8 samples/s	Data 0.001s (0.120s)	Loss 0.00690 (0.00649)
2023-11-21 08:30:37,551 Epoch: [17][30/200]	Time 0.559s (0.642s)	Speed 57.3 samples/s	Data 0.001s (0.082s)	Loss 0.00678 (0.00655)
2023-11-21 08:30:43,112 Epoch: [17][40/200]	Time 0.554s (0.621s)	Speed 57.7 samples/s	Data 0.001s (0.062s)	Loss 0.00701 (0.00672)
2023-11-21 08:30:48,713 Epoch: [17][50/200]	Time 0.563s (0.609s)	Speed 56.8 samples/s	Data 0.001s (0.050s)	Loss 0.00772 (0.00681)
2023-11-21 08:30:54,470 Epoch: [17][60/200]	Time 0.574s (0.604s)	Speed 55.8 samples/s	Data 0.001s (0.042s)	Loss 0.00828 (0.00684)
2023-11-21 08:31:00,279 Epoch: [17][70/200]	Time 0.558s (0.600s)	Speed 57.4 samples/s	Data 0.001s (0.036s)	Loss 0.00639 (0.00684)
2023-11-21 08:31:05,855 Epoch: [17][80/200]	Time 0.557s (0.595s)	Speed 57.4 samples/s	Data 0.001s (0.032s)	Loss 0.00826 (0.00684)
2023-11-21 08:31:11,478 Epoch: [17][90/200]	Time 0.565s (0.591s)	Speed 56.7 samples/s	Data 0.001s (0.028s)	Loss 0.00685 (0.00684)
2023-11-21 08:31:17,081 Epoch: [17][100/200]	Time 0.559s (0.588s)	Speed 57.2 samples/s	Data 0.001s (0.026s)	Loss 0.00597 (0.00678)
2023-11-21 08:31:22,676 Epoch: [17][110/200]	Time 0.559s (0.586s)	Speed 57.3 samples/s	Data 0.001s (0.023s)	Loss 0.00469 (0.00681)
2023-11-21 08:31:28,322 Epoch: [17][120/200]	Time 0.555s (0.584s)	Speed 57.7 samples/s	Data 0.001s (0.021s)	Loss 0.00635 (0.00680)
2023-11-21 08:31:33,894 Epoch: [17][130/200]	Time 0.558s (0.582s)	Speed 57.4 samples/s	Data 0.001s (0.020s)	Loss 0.00762 (0.00681)
2023-11-21 08:31:39,494 Epoch: [17][140/200]	Time 0.557s (0.580s)	Speed 57.4 samples/s	Data 0.001s (0.019s)	Loss 0.00533 (0.00678)
2023-11-21 08:31:45,152 Epoch: [17][150/200]	Time 0.559s (0.579s)	Speed 57.3 samples/s	Data 0.001s (0.017s)	Loss 0.00477 (0.00677)
2023-11-21 08:31:50,764 Epoch: [17][160/200]	Time 0.560s (0.578s)	Speed 57.1 samples/s	Data 0.001s (0.016s)	Loss 0.00686 (0.00678)
2023-11-21 08:31:56,535 Epoch: [17][170/200]	Time 0.565s (0.578s)	Speed 56.6 samples/s	Data 0.001s (0.015s)	Loss 0.00646 (0.00681)
2023-11-21 08:32:02,390 Epoch: [17][180/200]	Time 0.571s (0.579s)	Speed 56.0 samples/s	Data 0.001s (0.015s)	Loss 0.00626 (0.00679)
2023-11-21 08:32:07,989 Epoch: [17][190/200]	Time 0.567s (0.578s)	Speed 56.4 samples/s	Data 0.001s (0.014s)	Loss 0.00684 (0.00679)
2023-11-21 08:32:36,159 Test: [0/200]	Time 3.152 (3.152)	Loss 0.0669 (0.0669)
2023-11-21 08:32:36,512 Test: [10/200]	Time 0.033 (0.319)	Loss 0.0093 (0.0566)
2023-11-21 08:32:36,856 Test: [20/200]	Time 0.033 (0.183)	Loss 0.0257 (0.0550)
2023-11-21 08:32:37,195 Test: [30/200]	Time 0.035 (0.135)	Loss 0.0746 (0.0608)
2023-11-21 08:32:37,538 Test: [40/200]	Time 0.034 (0.111)	Loss 0.0557 (0.0619)
2023-11-21 08:32:37,880 Test: [50/200]	Time 0.033 (0.096)	Loss 0.0842 (0.0620)
2023-11-21 08:32:38,231 Test: [60/200]	Time 0.036 (0.086)	Loss 0.1130 (0.0634)
2023-11-21 08:32:38,574 Test: [70/200]	Time 0.034 (0.078)	Loss 0.0421 (0.0641)
2023-11-21 08:32:38,913 Test: [80/200]	Time 0.033 (0.073)	Loss 0.0582 (0.0628)
2023-11-21 08:32:39,253 Test: [90/200]	Time 0.034 (0.069)	Loss 0.0678 (0.0634)
2023-11-21 08:32:39,605 Test: [100/200]	Time 0.039 (0.065)	Loss 0.1176 (0.0629)
2023-11-21 08:32:39,982 Test: [110/200]	Time 0.033 (0.063)	Loss 0.1745 (0.0638)
2023-11-21 08:32:40,323 Test: [120/200]	Time 0.033 (0.060)	Loss 0.0553 (0.0621)
2023-11-21 08:32:40,663 Test: [130/200]	Time 0.033 (0.058)	Loss 0.0542 (0.0625)
2023-11-21 08:32:41,003 Test: [140/200]	Time 0.033 (0.057)	Loss 0.0609 (0.0618)
2023-11-21 08:32:41,343 Test: [150/200]	Time 0.033 (0.055)	Loss 0.0581 (0.0607)
2023-11-21 08:32:41,684 Test: [160/200]	Time 0.033 (0.054)	Loss 0.0827 (0.0610)
2023-11-21 08:32:42,025 Test: [170/200]	Time 0.033 (0.053)	Loss 0.0487 (0.0606)
2023-11-21 08:32:42,370 Test: [180/200]	Time 0.033 (0.052)	Loss 0.0303 (0.0605)
2023-11-21 08:32:42,710 Test: [190/200]	Time 0.034 (0.051)	Loss 0.0220 (0.0605)
2023-11-21 08:32:49,057 Mean IoU score: 0.863
2023-11-21 08:32:49,064 => saving checkpoint to out
2023-11-21 08:32:52,600 Epoch: [18][0/200]	Time 3.504s (3.504s)	Speed 9.1 samples/s	Data 2.813s (2.813s)	Loss 0.00778 (0.00778)
2023-11-21 08:32:58,322 Epoch: [18][10/200]	Time 0.559s (0.839s)	Speed 57.3 samples/s	Data 0.001s (0.257s)	Loss 0.00580 (0.00706)
2023-11-21 08:33:03,910 Epoch: [18][20/200]	Time 0.557s (0.705s)	Speed 57.4 samples/s	Data 0.001s (0.135s)	Loss 0.00831 (0.00702)
2023-11-21 08:33:09,486 Epoch: [18][30/200]	Time 0.557s (0.658s)	Speed 57.4 samples/s	Data 0.001s (0.092s)	Loss 0.00618 (0.00678)
2023-11-21 08:33:15,108 Epoch: [18][40/200]	Time 0.563s (0.634s)	Speed 56.9 samples/s	Data 0.001s (0.069s)	Loss 0.00809 (0.00666)
2023-11-21 08:33:20,719 Epoch: [18][50/200]	Time 0.560s (0.620s)	Speed 57.1 samples/s	Data 0.001s (0.056s)	Loss 0.00570 (0.00652)
2023-11-21 08:33:26,347 Epoch: [18][60/200]	Time 0.572s (0.611s)	Speed 55.9 samples/s	Data 0.001s (0.047s)	Loss 0.00442 (0.00645)
2023-11-21 08:33:31,950 Epoch: [18][70/200]	Time 0.560s (0.604s)	Speed 57.1 samples/s	Data 0.001s (0.040s)	Loss 0.00694 (0.00645)
2023-11-21 08:33:37,587 Epoch: [18][80/200]	Time 0.568s (0.599s)	Speed 56.4 samples/s	Data 0.001s (0.035s)	Loss 0.00663 (0.00639)
2023-11-21 08:33:43,309 Epoch: [18][90/200]	Time 0.576s (0.596s)	Speed 55.5 samples/s	Data 0.001s (0.032s)	Loss 0.00611 (0.00648)
2023-11-21 08:33:49,082 Epoch: [18][100/200]	Time 0.569s (0.594s)	Speed 56.3 samples/s	Data 0.001s (0.029s)	Loss 0.00780 (0.00645)
2023-11-21 08:33:54,727 Epoch: [18][110/200]	Time 0.565s (0.591s)	Speed 56.7 samples/s	Data 0.001s (0.026s)	Loss 0.00775 (0.00650)
2023-11-21 08:34:00,382 Epoch: [18][120/200]	Time 0.557s (0.589s)	Speed 57.5 samples/s	Data 0.001s (0.024s)	Loss 0.00652 (0.00652)
2023-11-21 08:34:05,955 Epoch: [18][130/200]	Time 0.558s (0.587s)	Speed 57.3 samples/s	Data 0.001s (0.022s)	Loss 0.00825 (0.00654)
2023-11-21 08:34:11,537 Epoch: [18][140/200]	Time 0.558s (0.585s)	Speed 57.3 samples/s	Data 0.001s (0.021s)	Loss 0.00552 (0.00657)
2023-11-21 08:34:17,133 Epoch: [18][150/200]	Time 0.561s (0.583s)	Speed 57.1 samples/s	Data 0.001s (0.019s)	Loss 0.00643 (0.00656)
2023-11-21 08:34:22,794 Epoch: [18][160/200]	Time 0.567s (0.582s)	Speed 56.5 samples/s	Data 0.001s (0.018s)	Loss 0.00504 (0.00659)
2023-11-21 08:34:28,616 Epoch: [18][170/200]	Time 0.591s (0.582s)	Speed 54.2 samples/s	Data 0.001s (0.017s)	Loss 0.00772 (0.00658)
2023-11-21 08:34:34,312 Epoch: [18][180/200]	Time 0.561s (0.581s)	Speed 57.1 samples/s	Data 0.001s (0.016s)	Loss 0.00734 (0.00659)
2023-11-21 08:34:39,924 Epoch: [18][190/200]	Time 0.569s (0.580s)	Speed 56.2 samples/s	Data 0.001s (0.015s)	Loss 0.00681 (0.00657)
2023-11-21 08:35:08,214 Test: [0/200]	Time 3.250 (3.250)	Loss 0.0633 (0.0633)
2023-11-21 08:35:08,555 Test: [10/200]	Time 0.033 (0.326)	Loss 0.0109 (0.0539)
2023-11-21 08:35:08,898 Test: [20/200]	Time 0.033 (0.187)	Loss 0.0223 (0.0524)
2023-11-21 08:35:09,238 Test: [30/200]	Time 0.034 (0.138)	Loss 0.0609 (0.0579)
2023-11-21 08:35:09,585 Test: [40/200]	Time 0.033 (0.113)	Loss 0.0507 (0.0606)
2023-11-21 08:35:09,937 Test: [50/200]	Time 0.033 (0.098)	Loss 0.0683 (0.0609)
2023-11-21 08:35:10,279 Test: [60/200]	Time 0.034 (0.087)	Loss 0.0840 (0.0622)
2023-11-21 08:35:10,619 Test: [70/200]	Time 0.033 (0.080)	Loss 0.0396 (0.0628)
2023-11-21 08:35:10,966 Test: [80/200]	Time 0.035 (0.074)	Loss 0.0839 (0.0621)
2023-11-21 08:35:11,318 Test: [90/200]	Time 0.035 (0.070)	Loss 0.0656 (0.0636)
2023-11-21 08:35:11,667 Test: [100/200]	Time 0.034 (0.066)	Loss 0.0914 (0.0631)
2023-11-21 08:35:12,017 Test: [110/200]	Time 0.034 (0.064)	Loss 0.1698 (0.0641)
2023-11-21 08:35:12,366 Test: [120/200]	Time 0.034 (0.061)	Loss 0.0478 (0.0623)
2023-11-21 08:35:12,717 Test: [130/200]	Time 0.034 (0.059)	Loss 0.0585 (0.0627)
2023-11-21 08:35:13,068 Test: [140/200]	Time 0.034 (0.057)	Loss 0.0592 (0.0619)
2023-11-21 08:35:13,416 Test: [150/200]	Time 0.034 (0.056)	Loss 0.0562 (0.0608)
2023-11-21 08:35:13,769 Test: [160/200]	Time 0.034 (0.055)	Loss 0.0752 (0.0610)
2023-11-21 08:35:14,116 Test: [170/200]	Time 0.034 (0.054)	Loss 0.0526 (0.0603)
2023-11-21 08:35:14,468 Test: [180/200]	Time 0.033 (0.053)	Loss 0.0439 (0.0603)
2023-11-21 08:35:14,820 Test: [190/200]	Time 0.034 (0.052)	Loss 0.0216 (0.0601)
2023-11-21 08:35:21,168 Mean IoU score: 0.863
2023-11-21 08:35:21,176 => saving checkpoint to out
2023-11-21 08:35:24,276 Epoch: [19][0/200]	Time 3.067s (3.067s)	Speed 10.4 samples/s	Data 2.445s (2.445s)	Loss 0.00716 (0.00716)
2023-11-21 08:35:29,865 Epoch: [19][10/200]	Time 0.553s (0.787s)	Speed 57.9 samples/s	Data 0.001s (0.223s)	Loss 0.00727 (0.00603)
2023-11-21 08:35:35,373 Epoch: [19][20/200]	Time 0.548s (0.674s)	Speed 58.4 samples/s	Data 0.001s (0.117s)	Loss 0.00641 (0.00581)
2023-11-21 08:35:40,908 Epoch: [19][30/200]	Time 0.556s (0.635s)	Speed 57.6 samples/s	Data 0.001s (0.080s)	Loss 0.00713 (0.00593)
2023-11-21 08:35:46,512 Epoch: [19][40/200]	Time 0.562s (0.617s)	Speed 56.9 samples/s	Data 0.001s (0.060s)	Loss 0.00545 (0.00596)
2023-11-21 08:35:52,283 Epoch: [19][50/200]	Time 0.590s (0.609s)	Speed 54.2 samples/s	Data 0.001s (0.049s)	Loss 0.00708 (0.00609)
2023-11-21 08:35:58,005 Epoch: [19][60/200]	Time 0.556s (0.603s)	Speed 57.5 samples/s	Data 0.001s (0.041s)	Loss 0.00676 (0.00609)
2023-11-21 08:36:03,584 Epoch: [19][70/200]	Time 0.556s (0.597s)	Speed 57.5 samples/s	Data 0.001s (0.035s)	Loss 0.00560 (0.00607)
2023-11-21 08:36:09,159 Epoch: [19][80/200]	Time 0.555s (0.592s)	Speed 57.6 samples/s	Data 0.001s (0.031s)	Loss 0.00618 (0.00611)
2023-11-21 08:36:14,722 Epoch: [19][90/200]	Time 0.553s (0.588s)	Speed 57.9 samples/s	Data 0.001s (0.028s)	Loss 0.00665 (0.00615)
2023-11-21 08:36:20,292 Epoch: [19][100/200]	Time 0.556s (0.585s)	Speed 57.5 samples/s	Data 0.001s (0.025s)	Loss 0.00829 (0.00618)
2023-11-21 08:36:25,920 Epoch: [19][110/200]	Time 0.574s (0.583s)	Speed 55.7 samples/s	Data 0.001s (0.023s)	Loss 0.00609 (0.00622)
2023-11-21 08:36:31,504 Epoch: [19][120/200]	Time 0.558s (0.581s)	Speed 57.3 samples/s	Data 0.001s (0.021s)	Loss 0.00584 (0.00622)
2023-11-21 08:36:37,057 Epoch: [19][130/200]	Time 0.559s (0.579s)	Speed 57.2 samples/s	Data 0.001s (0.019s)	Loss 0.00649 (0.00625)
2023-11-21 08:36:42,644 Epoch: [19][140/200]	Time 0.561s (0.578s)	Speed 57.1 samples/s	Data 0.001s (0.018s)	Loss 0.00617 (0.00632)
2023-11-21 08:36:48,341 Epoch: [19][150/200]	Time 0.567s (0.577s)	Speed 56.4 samples/s	Data 0.001s (0.017s)	Loss 0.00639 (0.00634)
2023-11-21 08:36:54,146 Epoch: [19][160/200]	Time 0.630s (0.577s)	Speed 50.8 samples/s	Data 0.001s (0.016s)	Loss 0.00790 (0.00637)
2023-11-21 08:36:59,946 Epoch: [19][170/200]	Time 0.556s (0.577s)	Speed 57.5 samples/s	Data 0.001s (0.015s)	Loss 0.00550 (0.00636)
2023-11-21 08:37:05,541 Epoch: [19][180/200]	Time 0.555s (0.576s)	Speed 57.7 samples/s	Data 0.001s (0.014s)	Loss 0.00740 (0.00636)
2023-11-21 08:37:11,082 Epoch: [19][190/200]	Time 0.563s (0.575s)	Speed 56.8 samples/s	Data 0.001s (0.014s)	Loss 0.00681 (0.00639)
2023-11-21 08:37:39,180 Test: [0/200]	Time 3.135 (3.135)	Loss 0.0650 (0.0650)
2023-11-21 08:37:39,530 Test: [10/200]	Time 0.035 (0.317)	Loss 0.0096 (0.0539)
2023-11-21 08:37:39,922 Test: [20/200]	Time 0.035 (0.185)	Loss 0.0267 (0.0534)
2023-11-21 08:37:40,278 Test: [30/200]	Time 0.036 (0.137)	Loss 0.0661 (0.0596)
2023-11-21 08:37:40,618 Test: [40/200]	Time 0.033 (0.112)	Loss 0.0489 (0.0614)
2023-11-21 08:37:40,957 Test: [50/200]	Time 0.033 (0.096)	Loss 0.0949 (0.0620)
2023-11-21 08:37:41,310 Test: [60/200]	Time 0.034 (0.086)	Loss 0.0842 (0.0638)
2023-11-21 08:37:41,651 Test: [70/200]	Time 0.034 (0.079)	Loss 0.0424 (0.0644)
2023-11-21 08:37:41,989 Test: [80/200]	Time 0.033 (0.073)	Loss 0.0633 (0.0633)
2023-11-21 08:37:42,331 Test: [90/200]	Time 0.033 (0.069)	Loss 0.0593 (0.0641)
2023-11-21 08:37:42,671 Test: [100/200]	Time 0.033 (0.066)	Loss 0.0966 (0.0636)
2023-11-21 08:37:43,012 Test: [110/200]	Time 0.033 (0.063)	Loss 0.1768 (0.0648)
2023-11-21 08:37:43,350 Test: [120/200]	Time 0.033 (0.060)	Loss 0.0535 (0.0631)
2023-11-21 08:37:43,690 Test: [130/200]	Time 0.034 (0.058)	Loss 0.0556 (0.0634)
2023-11-21 08:37:44,031 Test: [140/200]	Time 0.033 (0.057)	Loss 0.0584 (0.0624)
2023-11-21 08:37:44,370 Test: [150/200]	Time 0.033 (0.055)	Loss 0.0596 (0.0612)
2023-11-21 08:37:44,710 Test: [160/200]	Time 0.034 (0.054)	Loss 0.0858 (0.0614)
2023-11-21 08:37:45,047 Test: [170/200]	Time 0.033 (0.053)	Loss 0.0617 (0.0609)
2023-11-21 08:37:45,389 Test: [180/200]	Time 0.033 (0.052)	Loss 0.0344 (0.0606)
2023-11-21 08:37:45,727 Test: [190/200]	Time 0.033 (0.051)	Loss 0.0211 (0.0604)
2023-11-21 08:37:52,078 Mean IoU score: 0.863
2023-11-21 08:37:52,086 => saving checkpoint to out
2023-11-21 08:37:52,123 saving final model state to out/final_state.pth.tar
